{"/home/travis/build/npmtest/node-npmtest-grunt-angular-templates/test.js":{"path":"/home/travis/build/npmtest/node-npmtest-grunt-angular-templates/test.js","s":{"1":2,"2":2,"3":2,"4":2,"5":2,"6":2,"7":2,"8":1,"9":2,"10":2,"11":1,"12":1,"13":1,"14":1,"15":2,"16":2,"17":2,"18":2,"19":1,"20":1,"21":2,"22":2,"23":2,"24":1,"25":1,"26":1,"27":1,"28":1,"29":1,"30":1,"31":1,"32":1,"33":1,"34":1,"35":1,"36":1,"37":1,"38":1,"39":2,"40":2,"41":1,"42":2,"43":2,"44":1,"45":2,"46":2,"47":1,"48":2,"49":2,"50":1,"51":1,"52":1,"53":1,"54":1},"b":{"1":[2,1,1,1],"2":[1,1,1,1],"3":[1,1],"4":[1,1],"5":[1,1],"6":[1,1],"7":[1,1],"8":[1,1],"9":[1,1],"10":[1,1,1],"11":[1,1],"12":[1,1],"13":[1,1],"14":[1,1],"15":[1,1],"16":[1,1],"17":[1,1]},"f":{"1":2,"2":2,"3":2,"4":2,"5":2,"6":1,"7":1,"8":1,"9":2,"10":2,"11":2,"12":2,"13":1},"fnMap":{"1":{"name":"(anonymous_1)","line":12,"loc":{"start":{"line":12,"column":1},"end":{"line":12,"column":13}}},"2":{"name":"(anonymous_2)","line":19,"loc":{"start":{"line":19,"column":5},"end":{"line":19,"column":17}}},"3":{"name":"(anonymous_3)","line":23,"loc":{"start":{"line":23,"column":24},"end":{"line":23,"column":36}}},"4":{"name":"(anonymous_4)","line":61,"loc":{"start":{"line":61,"column":5},"end":{"line":61,"column":17}}},"5":{"name":"(anonymous_5)","line":82,"loc":{"start":{"line":82,"column":5},"end":{"line":82,"column":17}}},"6":{"name":"(anonymous_6)","line":91,"loc":{"start":{"line":91,"column":77},"end":{"line":94,"column":10}}},"7":{"name":"(anonymous_7)","line":112,"loc":{"start":{"line":112,"column":83},"end":{"line":115,"column":10}},"skip":true},"8":{"name":"(anonymous_8)","line":123,"loc":{"start":{"line":123,"column":77},"end":{"line":126,"column":10}},"skip":true},"9":{"name":"(anonymous_9)","line":139,"loc":{"start":{"line":139,"column":12},"end":{"line":139,"column":40}},"skip":true},"10":{"name":"(anonymous_10)","line":147,"loc":{"start":{"line":147,"column":77},"end":{"line":150,"column":10}},"skip":true},"11":{"name":"(anonymous_11)","line":158,"loc":{"start":{"line":158,"column":83},"end":{"line":161,"column":10}},"skip":true},"12":{"name":"(anonymous_12)","line":169,"loc":{"start":{"line":169,"column":79},"end":{"line":172,"column":10}},"skip":true},"13":{"name":"(anonymous_13)","line":180,"loc":{"start":{"line":180,"column":75},"end":{"line":183,"column":10}},"skip":true}},"statementMap":{"1":{"start":{"line":12,"column":0},"end":{"line":195,"column":5}},"2":{"start":{"line":14,"column":4},"end":{"line":14,"column":14}},"3":{"start":{"line":19,"column":4},"end":{"line":56,"column":9}},"4":{"start":{"line":21,"column":8},"end":{"line":21,"column":19}},"5":{"start":{"line":23,"column":8},"end":{"line":35,"column":13}},"6":{"start":{"line":24,"column":12},"end":{"line":34,"column":13}},"7":{"start":{"line":25,"column":16},"end":{"line":28,"column":30}},"8":{"start":{"line":30,"column":16},"end":{"line":33,"column":27}},"9":{"start":{"line":37,"column":8},"end":{"line":39,"column":21}},"10":{"start":{"line":40,"column":8},"end":{"line":53,"column":9}},"11":{"start":{"line":43,"column":12},"end":{"line":46,"column":14}},"12":{"start":{"line":47,"column":12},"end":{"line":47,"column":18}},"13":{"start":{"line":50,"column":12},"end":{"line":51,"column":33}},"14":{"start":{"line":52,"column":12},"end":{"line":52,"column":18}},"15":{"start":{"line":55,"column":8},"end":{"line":55,"column":35}},"16":{"start":{"line":61,"column":4},"end":{"line":63,"column":9}},"17":{"start":{"line":62,"column":8},"end":{"line":62,"column":15}},"18":{"start":{"line":64,"column":4},"end":{"line":77,"column":5}},"19":{"start":{"line":70,"column":8},"end":{"line":70,"column":14}},"20":{"start":{"line":76,"column":8},"end":{"line":76,"column":14}},"21":{"start":{"line":82,"column":4},"end":{"line":84,"column":9}},"22":{"start":{"line":83,"column":8},"end":{"line":83,"column":15}},"23":{"start":{"line":85,"column":4},"end":{"line":194,"column":5}},"24":{"start":{"line":91,"column":8},"end":{"line":99,"column":10}},"25":{"start":{"line":98,"column":12},"end":{"line":98,"column":35}},"26":{"start":{"line":102,"column":8},"end":{"line":104,"column":63}},"27":{"start":{"line":105,"column":8},"end":{"line":105,"column":14}},"28":{"start":{"line":112,"column":8},"end":{"line":121,"column":10},"skip":true},"29":{"start":{"line":119,"column":12},"end":{"line":119,"column":55},"skip":true},"30":{"start":{"line":120,"column":12},"end":{"line":120,"column":48},"skip":true},"31":{"start":{"line":123,"column":8},"end":{"line":136,"column":10},"skip":true},"32":{"start":{"line":130,"column":12},"end":{"line":130,"column":76},"skip":true},"33":{"start":{"line":131,"column":12},"end":{"line":131,"column":73},"skip":true},"34":{"start":{"line":132,"column":12},"end":{"line":132,"column":74},"skip":true},"35":{"start":{"line":133,"column":12},"end":{"line":133,"column":79},"skip":true},"36":{"start":{"line":134,"column":12},"end":{"line":134,"column":25},"skip":true},"37":{"start":{"line":135,"column":12},"end":{"line":135,"column":45},"skip":true},"38":{"start":{"line":138,"column":8},"end":{"line":145,"column":14},"skip":true},"39":{"start":{"line":143,"column":16},"end":{"line":143,"column":29},"skip":true},"40":{"start":{"line":144,"column":16},"end":{"line":144,"column":55},"skip":true},"41":{"start":{"line":147,"column":8},"end":{"line":156,"column":10},"skip":true},"42":{"start":{"line":154,"column":12},"end":{"line":154,"column":25},"skip":true},"43":{"start":{"line":155,"column":12},"end":{"line":155,"column":45},"skip":true},"44":{"start":{"line":158,"column":8},"end":{"line":167,"column":10},"skip":true},"45":{"start":{"line":165,"column":12},"end":{"line":165,"column":25},"skip":true},"46":{"start":{"line":166,"column":12},"end":{"line":166,"column":48},"skip":true},"47":{"start":{"line":169,"column":8},"end":{"line":178,"column":10},"skip":true},"48":{"start":{"line":176,"column":12},"end":{"line":176,"column":25},"skip":true},"49":{"start":{"line":177,"column":12},"end":{"line":177,"column":46},"skip":true},"50":{"start":{"line":180,"column":8},"end":{"line":189,"column":10},"skip":true},"51":{"start":{"line":187,"column":12},"end":{"line":187,"column":94},"skip":true},"52":{"start":{"line":188,"column":12},"end":{"line":188,"column":48},"skip":true},"53":{"start":{"line":192,"column":8},"end":{"line":192,"column":35},"skip":true},"54":{"start":{"line":193,"column":8},"end":{"line":193,"column":14},"skip":true}},"branchMap":{"1":{"line":25,"type":"binary-expr","locations":[{"start":{"line":25,"column":23},"end":{"line":25,"column":62}},{"start":{"line":26,"column":20},"end":{"line":26,"column":70}},{"start":{"line":27,"column":20},"end":{"line":27,"column":71}},{"start":{"line":28,"column":20},"end":{"line":28,"column":29}}]},"2":{"line":30,"type":"binary-expr","locations":[{"start":{"line":30,"column":23},"end":{"line":30,"column":37}},{"start":{"line":31,"column":20},"end":{"line":31,"column":61}},{"start":{"line":32,"column":20},"end":{"line":32,"column":70}},{"start":{"line":33,"column":20},"end":{"line":33,"column":26}}]},"3":{"line":37,"type":"cond-expr","locations":[{"start":{"line":38,"column":14},"end":{"line":38,"column":20}},{"start":{"line":39,"column":14},"end":{"line":39,"column":20}}]},"4":{"line":40,"type":"switch","locations":[{"start":{"line":42,"column":8},"end":{"line":47,"column":18}},{"start":{"line":49,"column":8},"end":{"line":52,"column":18}}]},"5":{"line":44,"type":"binary-expr","locations":[{"start":{"line":44,"column":16},"end":{"line":44,"column":44}},{"start":{"line":44,"column":48},"end":{"line":44,"column":66}}]},"6":{"line":50,"type":"binary-expr","locations":[{"start":{"line":50,"column":21},"end":{"line":50,"column":49}},{"start":{"line":50,"column":53},"end":{"line":50,"column":72}}]},"7":{"line":64,"type":"switch","locations":[{"start":{"line":69,"column":4},"end":{"line":70,"column":14}},{"start":{"line":75,"column":4},"end":{"line":76,"column":14}}]},"8":{"line":85,"type":"switch","locations":[{"start":{"line":90,"column":4},"end":{"line":105,"column":14}},{"start":{"line":111,"column":4},"end":{"line":193,"column":14},"skip":true}]},"9":{"line":91,"type":"binary-expr","locations":[{"start":{"line":91,"column":42},"end":{"line":91,"column":73}},{"start":{"line":91,"column":77},"end":{"line":99,"column":9}}]},"10":{"line":102,"type":"binary-expr","locations":[{"start":{"line":102,"column":18},"end":{"line":102,"column":32}},{"start":{"line":103,"column":12},"end":{"line":103,"column":53}},{"start":{"line":104,"column":12},"end":{"line":104,"column":61}}]},"11":{"line":112,"type":"binary-expr","locations":[{"start":{"line":112,"column":45},"end":{"line":112,"column":79},"skip":true},{"start":{"line":112,"column":83},"end":{"line":121,"column":9},"skip":true}]},"12":{"line":123,"type":"binary-expr","locations":[{"start":{"line":123,"column":42},"end":{"line":123,"column":73},"skip":true},{"start":{"line":123,"column":77},"end":{"line":136,"column":9},"skip":true}]},"13":{"line":138,"type":"binary-expr","locations":[{"start":{"line":138,"column":48},"end":{"line":138,"column":85},"skip":true},{"start":{"line":139,"column":12},"end":{"line":145,"column":13},"skip":true}]},"14":{"line":147,"type":"binary-expr","locations":[{"start":{"line":147,"column":42},"end":{"line":147,"column":73},"skip":true},{"start":{"line":147,"column":77},"end":{"line":156,"column":9},"skip":true}]},"15":{"line":158,"type":"binary-expr","locations":[{"start":{"line":158,"column":45},"end":{"line":158,"column":79},"skip":true},{"start":{"line":158,"column":83},"end":{"line":167,"column":9},"skip":true}]},"16":{"line":169,"type":"binary-expr","locations":[{"start":{"line":169,"column":43},"end":{"line":169,"column":75},"skip":true},{"start":{"line":169,"column":79},"end":{"line":178,"column":9},"skip":true}]},"17":{"line":180,"type":"binary-expr","locations":[{"start":{"line":180,"column":41},"end":{"line":180,"column":71},"skip":true},{"start":{"line":180,"column":75},"end":{"line":189,"column":9},"skip":true}]}},"code":["/* istanbul instrument in package npmtest_grunt_angular_templates */","/*jslint","    bitwise: true,","    browser: true,","    maxerr: 8,","    maxlen: 96,","    node: true,","    nomen: true,","    regexp: true,","    stupid: true","*/","(function () {","    'use strict';","    var local;","","","","    // run shared js-env code - init-before","    (function () {","        // init local","        local = {};","        // init modeJs","        local.modeJs = (function () {","            try {","                return typeof navigator.userAgent === 'string' &&","                    typeof document.querySelector('body') === 'object' &&","                    typeof XMLHttpRequest.prototype.open === 'function' &&","                    'browser';","            } catch (errorCaughtBrowser) {","                return module.exports &&","                    typeof process.versions.node === 'string' &&","                    typeof require('http').createServer === 'function' &&","                    'node';","            }","        }());","        // init global","        local.global = local.modeJs === 'browser'","            ? window","            : global;","        switch (local.modeJs) {","        // re-init local from window.local","        case 'browser':","            local = local.global.utility2.objectSetDefault(","                local.global.utility2_rollup || local.global.local,","                local.global.utility2","            );","            break;","        // re-init local from example.js","        case 'node':","            local = (local.global.utility2_rollup || require('utility2'))","                .requireReadme();","            break;","        }","        // export local","        local.global.local = local;","    }());","","","","    // run shared js-env code - function","    (function () {","        return;","    }());","    switch (local.modeJs) {","","","","    // run browser js-env code - function","    case 'browser':","        break;","","","","    // run node js-env code - function","    case 'node':","        break;","    }","","","","    // run shared js-env code - init-after","    (function () {","        return;","    }());","    switch (local.modeJs) {","","","","    // run browser js-env code - init-after","    case 'browser':","        local.testCase_browser_nullCase = local.testCase_browser_nullCase || function (","            options,","            onError","        ) {","        /*","         * this function will test browsers's null-case handling-behavior-behavior","         */","            onError(null, options);","        };","","        // run tests","        local.nop(local.modeTest &&","            document.querySelector('#testRunButton1') &&","            document.querySelector('#testRunButton1').click());","        break;","","","","    // run node js-env code - init-after","    /* istanbul ignore next */","    case 'node':","        local.testCase_buildApidoc_default = local.testCase_buildApidoc_default || function (","            options,","            onError","        ) {","        /*","         * this function will test buildApidoc's default handling-behavior-behavior","         */","            options = { modulePathList: module.paths };","            local.buildApidoc(options, onError);","        };","","        local.testCase_buildApp_default = local.testCase_buildApp_default || function (","            options,","            onError","        ) {","        /*","         * this function will test buildApp's default handling-behavior-behavior","         */","            local.testCase_buildReadme_default(options, local.onErrorThrow);","            local.testCase_buildLib_default(options, local.onErrorThrow);","            local.testCase_buildTest_default(options, local.onErrorThrow);","            local.testCase_buildCustomOrg_default(options, local.onErrorThrow);","            options = [];","            local.buildApp(options, onError);","        };","","        local.testCase_buildCustomOrg_default = local.testCase_buildCustomOrg_default ||","            function (options, onError) {","            /*","             * this function will test buildCustomOrg's default handling-behavior","             */","                options = {};","                local.buildCustomOrg(options, onError);","            };","","        local.testCase_buildLib_default = local.testCase_buildLib_default || function (","            options,","            onError","        ) {","        /*","         * this function will test buildLib's default handling-behavior","         */","            options = {};","            local.buildLib(options, onError);","        };","","        local.testCase_buildReadme_default = local.testCase_buildReadme_default || function (","            options,","            onError","        ) {","        /*","         * this function will test buildReadme's default handling-behavior-behavior","         */","            options = {};","            local.buildReadme(options, onError);","        };","","        local.testCase_buildTest_default = local.testCase_buildTest_default || function (","            options,","            onError","        ) {","        /*","         * this function will test buildTest's default handling-behavior","         */","            options = {};","            local.buildTest(options, onError);","        };","","        local.testCase_webpage_default = local.testCase_webpage_default || function (","            options,","            onError","        ) {","        /*","         * this function will test webpage's default handling-behavior","         */","            options = { modeCoverageMerge: true, url: local.serverLocalHost + '?modeTest=1' };","            local.browserTest(options, onError);","        };","","        // run test-server","        local.testRunServer(local);","        break;","    }","}());",""],"l":{"12":2,"14":2,"19":2,"21":2,"23":2,"24":2,"25":2,"30":1,"37":2,"40":2,"43":1,"47":1,"50":1,"52":1,"55":2,"61":2,"62":2,"64":2,"70":1,"76":1,"82":2,"83":2,"85":2,"91":1,"98":1,"102":1,"105":1,"112":1,"119":1,"120":1,"123":1,"130":1,"131":1,"132":1,"133":1,"134":1,"135":1,"138":1,"143":2,"144":2,"147":1,"154":2,"155":2,"158":1,"165":2,"166":2,"169":1,"176":2,"177":2,"180":1,"187":1,"188":1,"192":1,"193":1}},"/home/travis/build/npmtest/node-npmtest-grunt-angular-templates/lib.npmtest_grunt_angular_templates.js":{"path":"/home/travis/build/npmtest/node-npmtest-grunt-angular-templates/lib.npmtest_grunt_angular_templates.js","s":{"1":2,"2":2,"3":2,"4":2,"5":2,"6":2,"7":2,"8":1,"9":2,"10":2,"11":2,"12":2,"13":1,"14":1,"15":1,"16":1},"b":{"1":[2,1,1,1],"2":[1,1,1,1],"3":[1,1],"4":[2,2],"5":[1,1]},"f":{"1":2,"2":2,"3":2},"fnMap":{"1":{"name":"(anonymous_1)","line":12,"loc":{"start":{"line":12,"column":1},"end":{"line":12,"column":13}}},"2":{"name":"(anonymous_2)","line":19,"loc":{"start":{"line":19,"column":5},"end":{"line":19,"column":17}}},"3":{"name":"(anonymous_3)","line":23,"loc":{"start":{"line":23,"column":24},"end":{"line":23,"column":36}}}},"statementMap":{"1":{"start":{"line":12,"column":0},"end":{"line":53,"column":5}},"2":{"start":{"line":14,"column":4},"end":{"line":14,"column":14}},"3":{"start":{"line":19,"column":4},"end":{"line":52,"column":9}},"4":{"start":{"line":21,"column":8},"end":{"line":21,"column":19}},"5":{"start":{"line":23,"column":8},"end":{"line":35,"column":13}},"6":{"start":{"line":24,"column":12},"end":{"line":34,"column":13}},"7":{"start":{"line":25,"column":16},"end":{"line":28,"column":30}},"8":{"start":{"line":30,"column":16},"end":{"line":33,"column":27}},"9":{"start":{"line":37,"column":8},"end":{"line":39,"column":21}},"10":{"start":{"line":41,"column":8},"end":{"line":41,"column":54}},"11":{"start":{"line":43,"column":8},"end":{"line":43,"column":68}},"12":{"start":{"line":45,"column":8},"end":{"line":51,"column":9}},"13":{"start":{"line":46,"column":12},"end":{"line":46,"column":74}},"14":{"start":{"line":48,"column":12},"end":{"line":48,"column":35}},"15":{"start":{"line":49,"column":12},"end":{"line":49,"column":49}},"16":{"start":{"line":50,"column":12},"end":{"line":50,"column":43}}},"branchMap":{"1":{"line":25,"type":"binary-expr","locations":[{"start":{"line":25,"column":23},"end":{"line":25,"column":62}},{"start":{"line":26,"column":20},"end":{"line":26,"column":70}},{"start":{"line":27,"column":20},"end":{"line":27,"column":71}},{"start":{"line":28,"column":20},"end":{"line":28,"column":29}}]},"2":{"line":30,"type":"binary-expr","locations":[{"start":{"line":30,"column":23},"end":{"line":30,"column":37}},{"start":{"line":31,"column":20},"end":{"line":31,"column":61}},{"start":{"line":32,"column":20},"end":{"line":32,"column":70}},{"start":{"line":33,"column":20},"end":{"line":33,"column":26}}]},"3":{"line":37,"type":"cond-expr","locations":[{"start":{"line":38,"column":14},"end":{"line":38,"column":20}},{"start":{"line":39,"column":14},"end":{"line":39,"column":20}}]},"4":{"line":41,"type":"binary-expr","locations":[{"start":{"line":41,"column":16},"end":{"line":41,"column":44}},{"start":{"line":41,"column":48},"end":{"line":41,"column":53}}]},"5":{"line":45,"type":"if","locations":[{"start":{"line":45,"column":8},"end":{"line":45,"column":8}},{"start":{"line":45,"column":8},"end":{"line":45,"column":8}}]}},"code":["/* istanbul instrument in package npmtest_grunt_angular_templates */","/*jslint","    bitwise: true,","    browser: true,","    maxerr: 8,","    maxlen: 96,","    node: true,","    nomen: true,","    regexp: true,","    stupid: true","*/","(function () {","    'use strict';","    var local;","","","","    // run shared js-env code - init-before","    (function () {","        // init local","        local = {};","        // init modeJs","        local.modeJs = (function () {","            try {","                return typeof navigator.userAgent === 'string' &&","                    typeof document.querySelector('body') === 'object' &&","                    typeof XMLHttpRequest.prototype.open === 'function' &&","                    'browser';","            } catch (errorCaughtBrowser) {","                return module.exports &&","                    typeof process.versions.node === 'string' &&","                    typeof require('http').createServer === 'function' &&","                    'node';","            }","        }());","        // init global","        local.global = local.modeJs === 'browser'","            ? window","            : global;","        // init utility2_rollup","        local = local.global.utility2_rollup || local;","        // init lib","        local.local = local.npmtest_grunt_angular_templates = local;","        // init exports","        if (local.modeJs === 'browser') {","            local.global.utility2_npmtest_grunt_angular_templates = local;","        } else {","            module.exports = local;","            module.exports.__dirname = __dirname;","            module.exports.module = module;","        }","    }());","}());",""],"l":{"12":2,"14":2,"19":2,"21":2,"23":2,"24":2,"25":2,"30":1,"37":2,"41":2,"43":2,"45":2,"46":1,"48":1,"49":1,"50":1}},"/home/travis/build/npmtest/node-npmtest-grunt-angular-templates/example.js":{"path":"/home/travis/build/npmtest/node-npmtest-grunt-angular-templates/example.js","s":{"1":2,"2":2,"3":2,"4":2,"5":2,"6":2,"7":2,"8":1,"9":2,"10":2,"11":2,"12":2,"13":1,"14":2,"15":2,"16":2,"17":2,"18":2,"19":0,"20":2,"21":1,"22":1,"23":1,"24":1,"25":1,"26":0,"27":0,"28":1,"29":1,"30":2,"31":0,"32":0,"33":0,"34":1,"35":2,"36":2,"37":3,"38":3,"39":3,"40":3,"41":0,"42":3,"43":3,"44":3,"45":1,"46":3,"47":1,"48":1,"49":1,"50":1,"51":1,"52":1,"53":1,"54":1,"55":1,"56":1,"57":0,"58":1,"59":6,"60":6,"61":1,"62":2,"63":0,"64":2,"65":1,"66":1,"67":0,"68":0,"69":0,"70":0,"71":0,"72":0,"73":0,"74":0,"75":0,"76":0,"77":0,"78":0,"79":0,"80":0,"81":0,"82":0,"83":0},"b":{"1":[2,1,1,1],"2":[1,1,1,1],"3":[1,1],"4":[2,2],"5":[1,1],"6":[1,1],"7":[2,0],"8":[2,1,1,1,1,1],"9":[0,2,0],"10":[1,1],"11":[2,1,1],"12":[1,0],"13":[0,2],"14":[2,0,0,0,0,0,0],"15":[0,3],"16":[3,0],"17":[1,1],"18":[0,1],"19":[1,2,0,2],"20":[1,0],"21":[1,1],"22":[0,0],"23":[0,0],"24":[0,0],"25":[0,0],"26":[0,0],"27":[0,0],"28":[0,0]},"f":{"1":2,"2":2,"3":2,"4":2,"5":2,"6":2,"7":3,"8":3,"9":3,"10":1,"11":6,"12":0},"fnMap":{"1":{"name":"(anonymous_1)","line":26,"loc":{"start":{"line":26,"column":1},"end":{"line":26,"column":13}}},"2":{"name":"(anonymous_2)","line":33,"loc":{"start":{"line":33,"column":5},"end":{"line":33,"column":17}}},"3":{"name":"(anonymous_3)","line":37,"loc":{"start":{"line":37,"column":24},"end":{"line":37,"column":36}}},"4":{"name":"(anonymous_4)","line":69,"loc":{"start":{"line":69,"column":31},"end":{"line":69,"column":48}},"skip":true},"5":{"name":"(anonymous_5)","line":78,"loc":{"start":{"line":78,"column":26},"end":{"line":78,"column":45}},"skip":true},"6":{"name":"(anonymous_6)","line":123,"loc":{"start":{"line":123,"column":33},"end":{"line":123,"column":48}},"skip":true},"7":{"name":"(anonymous_7)","line":125,"loc":{"start":{"line":125,"column":27},"end":{"line":125,"column":39}},"skip":true},"8":{"name":"(anonymous_8)","line":133,"loc":{"start":{"line":133,"column":59},"end":{"line":133,"column":74}},"skip":true},"9":{"name":"(anonymous_9)","line":143,"loc":{"start":{"line":143,"column":45},"end":{"line":143,"column":62}},"skip":true},"10":{"name":"(anonymous_10)","line":144,"loc":{"start":{"line":144,"column":73},"end":{"line":144,"column":92}},"skip":true},"11":{"name":"(anonymous_11)","line":272,"loc":{"start":{"line":272,"column":51},"end":{"line":272,"column":77}},"skip":true},"12":{"name":"(anonymous_12)","line":315,"loc":{"start":{"line":315,"column":32},"end":{"line":315,"column":61}},"skip":true}},"statementMap":{"1":{"start":{"line":26,"column":0},"end":{"line":326,"column":5}},"2":{"start":{"line":28,"column":4},"end":{"line":28,"column":14}},"3":{"start":{"line":33,"column":4},"end":{"line":60,"column":9}},"4":{"start":{"line":35,"column":8},"end":{"line":35,"column":19}},"5":{"start":{"line":37,"column":8},"end":{"line":49,"column":13}},"6":{"start":{"line":38,"column":12},"end":{"line":48,"column":13}},"7":{"start":{"line":39,"column":16},"end":{"line":42,"column":30}},"8":{"start":{"line":44,"column":16},"end":{"line":47,"column":27}},"9":{"start":{"line":51,"column":8},"end":{"line":53,"column":21}},"10":{"start":{"line":55,"column":8},"end":{"line":57,"column":45}},"11":{"start":{"line":59,"column":8},"end":{"line":59,"column":35}},"12":{"start":{"line":61,"column":4},"end":{"line":325,"column":5}},"13":{"start":{"line":69,"column":8},"end":{"line":121,"column":10},"skip":true},"14":{"start":{"line":70,"column":12},"end":{"line":88,"column":13},"skip":true},"15":{"start":{"line":76,"column":16},"end":{"line":87,"column":19},"skip":true},"16":{"start":{"line":79,"column":20},"end":{"line":86,"column":21},"skip":true},"17":{"start":{"line":82,"column":24},"end":{"line":82,"column":43},"skip":true},"18":{"start":{"line":83,"column":24},"end":{"line":83,"column":30},"skip":true},"19":{"start":{"line":85,"column":24},"end":{"line":85,"column":49},"skip":true},"20":{"start":{"line":89,"column":12},"end":{"line":107,"column":13},"skip":true},"21":{"start":{"line":92,"column":16},"end":{"line":102,"column":17},"skip":true},"22":{"start":{"line":93,"column":20},"end":{"line":93,"column":86},"skip":true},"23":{"start":{"line":94,"column":20},"end":{"line":95,"column":45},"skip":true},"24":{"start":{"line":96,"column":20},"end":{"line":96,"column":42},"skip":true},"25":{"start":{"line":97,"column":20},"end":{"line":97,"column":48},"skip":true},"26":{"start":{"line":100,"column":20},"end":{"line":100,"column":85},"skip":true},"27":{"start":{"line":101,"column":20},"end":{"line":101,"column":96},"skip":true},"28":{"start":{"line":103,"column":16},"end":{"line":103,"column":22},"skip":true},"29":{"start":{"line":106,"column":16},"end":{"line":106,"column":22},"skip":true},"30":{"start":{"line":108,"column":12},"end":{"line":120,"column":13},"skip":true},"31":{"start":{"line":114,"column":16},"end":{"line":119,"column":17},"skip":true},"32":{"start":{"line":116,"column":20},"end":{"line":116,"column":78},"skip":true},"33":{"start":{"line":118,"column":20},"end":{"line":118,"column":47},"skip":true},"34":{"start":{"line":123,"column":8},"end":{"line":141,"column":11},"skip":true},"35":{"start":{"line":124,"column":12},"end":{"line":124,"column":54},"skip":true},"36":{"start":{"line":125,"column":12},"end":{"line":140,"column":14},"skip":true},"37":{"start":{"line":126,"column":16},"end":{"line":126,"column":28},"skip":true},"38":{"start":{"line":127,"column":16},"end":{"line":127,"column":69},"skip":true},"39":{"start":{"line":128,"column":16},"end":{"line":128,"column":75},"skip":true},"40":{"start":{"line":129,"column":16},"end":{"line":131,"column":17},"skip":true},"41":{"start":{"line":130,"column":20},"end":{"line":130,"column":27},"skip":true},"42":{"start":{"line":133,"column":16},"end":{"line":137,"column":36},"skip":true},"43":{"start":{"line":134,"column":20},"end":{"line":136,"column":55},"skip":true},"44":{"start":{"line":139,"column":16},"end":{"line":139,"column":57},"skip":true},"45":{"start":{"line":143,"column":8},"end":{"line":147,"column":11},"skip":true},"46":{"start":{"line":144,"column":12},"end":{"line":146,"column":15},"skip":true},"47":{"start":{"line":145,"column":16},"end":{"line":145,"column":70},"skip":true},"48":{"start":{"line":149,"column":8},"end":{"line":149,"column":31},"skip":true},"49":{"start":{"line":150,"column":8},"end":{"line":150,"column":14},"skip":true},"50":{"start":{"line":158,"column":8},"end":{"line":158,"column":31},"skip":true},"51":{"start":{"line":160,"column":8},"end":{"line":160,"column":33},"skip":true},"52":{"start":{"line":161,"column":8},"end":{"line":161,"column":37},"skip":true},"53":{"start":{"line":162,"column":8},"end":{"line":162,"column":35},"skip":true},"54":{"start":{"line":164,"column":8},"end":{"line":164,"column":50},"skip":true},"55":{"start":{"line":166,"column":8},"end":{"line":256,"column":2},"skip":true},"56":{"start":{"line":258,"column":8},"end":{"line":286,"column":9},"skip":true},"57":{"start":{"line":259,"column":12},"end":{"line":269,"column":14},"skip":true},"58":{"start":{"line":271,"column":12},"end":{"line":285,"column":19},"skip":true},"59":{"start":{"line":274,"column":20},"end":{"line":274,"column":35},"skip":true},"60":{"start":{"line":275,"column":20},"end":{"line":284,"column":21},"skip":true},"61":{"start":{"line":277,"column":24},"end":{"line":277,"column":64},"skip":true},"62":{"start":{"line":279,"column":24},"end":{"line":279,"column":40},"skip":true},"63":{"start":{"line":281,"column":24},"end":{"line":281,"column":40},"skip":true},"64":{"start":{"line":283,"column":24},"end":{"line":283,"column":39},"skip":true},"65":{"start":{"line":288,"column":8},"end":{"line":290,"column":9},"skip":true},"66":{"start":{"line":289,"column":12},"end":{"line":289,"column":18},"skip":true},"67":{"start":{"line":291,"column":8},"end":{"line":293,"column":54},"skip":true},"68":{"start":{"line":296,"column":8},"end":{"line":301,"column":37},"skip":true},"69":{"start":{"line":303,"column":8},"end":{"line":303,"column":82},"skip":true},"70":{"start":{"line":306,"column":8},"end":{"line":308,"column":9},"skip":true},"71":{"start":{"line":307,"column":12},"end":{"line":307,"column":82},"skip":true},"72":{"start":{"line":310,"column":8},"end":{"line":312,"column":9},"skip":true},"73":{"start":{"line":311,"column":12},"end":{"line":311,"column":18},"skip":true},"74":{"start":{"line":313,"column":8},"end":{"line":313,"column":54},"skip":true},"75":{"start":{"line":314,"column":8},"end":{"line":314,"column":69},"skip":true},"76":{"start":{"line":315,"column":8},"end":{"line":323,"column":36},"skip":true},"77":{"start":{"line":316,"column":12},"end":{"line":316,"column":61},"skip":true},"78":{"start":{"line":317,"column":12},"end":{"line":320,"column":13},"skip":true},"79":{"start":{"line":318,"column":16},"end":{"line":318,"column":75},"skip":true},"80":{"start":{"line":319,"column":16},"end":{"line":319,"column":23},"skip":true},"81":{"start":{"line":321,"column":12},"end":{"line":321,"column":38},"skip":true},"82":{"start":{"line":322,"column":12},"end":{"line":322,"column":27},"skip":true},"83":{"start":{"line":324,"column":8},"end":{"line":324,"column":14},"skip":true}},"branchMap":{"1":{"line":39,"type":"binary-expr","locations":[{"start":{"line":39,"column":23},"end":{"line":39,"column":62}},{"start":{"line":40,"column":20},"end":{"line":40,"column":70}},{"start":{"line":41,"column":20},"end":{"line":41,"column":71}},{"start":{"line":42,"column":20},"end":{"line":42,"column":29}}]},"2":{"line":44,"type":"binary-expr","locations":[{"start":{"line":44,"column":23},"end":{"line":44,"column":37}},{"start":{"line":45,"column":20},"end":{"line":45,"column":61}},{"start":{"line":46,"column":20},"end":{"line":46,"column":70}},{"start":{"line":47,"column":20},"end":{"line":47,"column":26}}]},"3":{"line":51,"type":"cond-expr","locations":[{"start":{"line":52,"column":14},"end":{"line":52,"column":20}},{"start":{"line":53,"column":14},"end":{"line":53,"column":20}}]},"4":{"line":55,"type":"binary-expr","locations":[{"start":{"line":55,"column":16},"end":{"line":55,"column":44}},{"start":{"line":55,"column":49},"end":{"line":57,"column":43}}]},"5":{"line":55,"type":"cond-expr","locations":[{"start":{"line":56,"column":14},"end":{"line":56,"column":67}},{"start":{"line":57,"column":14},"end":{"line":57,"column":43}}]},"6":{"line":61,"type":"switch","locations":[{"start":{"line":68,"column":4},"end":{"line":150,"column":14},"skip":true},{"start":{"line":156,"column":4},"end":{"line":324,"column":14},"skip":true}]},"7":{"line":70,"type":"if","locations":[{"start":{"line":70,"column":12},"end":{"line":70,"column":12},"skip":true},{"start":{"line":70,"column":12},"end":{"line":70,"column":12},"skip":true}]},"8":{"line":70,"type":"binary-expr","locations":[{"start":{"line":70,"column":16},"end":{"line":70,"column":22},"skip":true},{"start":{"line":70,"column":27},"end":{"line":70,"column":32},"skip":true},{"start":{"line":71,"column":20},"end":{"line":71,"column":39},"skip":true},{"start":{"line":72,"column":20},"end":{"line":72,"column":49},"skip":true},{"start":{"line":73,"column":20},"end":{"line":73,"column":58},"skip":true},{"start":{"line":74,"column":20},"end":{"line":74,"column":69},"skip":true}]},"9":{"line":79,"type":"switch","locations":[{"start":{"line":80,"column":20},"end":{"line":80,"column":33},"skip":true},{"start":{"line":81,"column":20},"end":{"line":83,"column":30},"skip":true},{"start":{"line":84,"column":20},"end":{"line":85,"column":49},"skip":true}]},"10":{"line":89,"type":"switch","locations":[{"start":{"line":90,"column":12},"end":{"line":103,"column":22},"skip":true},{"start":{"line":105,"column":12},"end":{"line":106,"column":22},"skip":true}]},"11":{"line":89,"type":"binary-expr","locations":[{"start":{"line":89,"column":20},"end":{"line":89,"column":25},"skip":true},{"start":{"line":89,"column":29},"end":{"line":89,"column":48},"skip":true},{"start":{"line":89,"column":52},"end":{"line":89,"column":74},"skip":true}]},"12":{"line":92,"type":"if","locations":[{"start":{"line":92,"column":16},"end":{"line":92,"column":16},"skip":true},{"start":{"line":92,"column":16},"end":{"line":92,"column":16},"skip":true}]},"13":{"line":108,"type":"if","locations":[{"start":{"line":108,"column":12},"end":{"line":108,"column":12},"skip":true},{"start":{"line":108,"column":12},"end":{"line":108,"column":12},"skip":true}]},"14":{"line":108,"type":"binary-expr","locations":[{"start":{"line":108,"column":16},"end":{"line":108,"column":61},"skip":true},{"start":{"line":108,"column":66},"end":{"line":108,"column":72},"skip":true},{"start":{"line":108,"column":77},"end":{"line":108,"column":82},"skip":true},{"start":{"line":109,"column":20},"end":{"line":109,"column":39},"skip":true},{"start":{"line":110,"column":20},"end":{"line":110,"column":49},"skip":true},{"start":{"line":111,"column":20},"end":{"line":111,"column":58},"skip":true},{"start":{"line":112,"column":20},"end":{"line":112,"column":68},"skip":true}]},"15":{"line":129,"type":"if","locations":[{"start":{"line":129,"column":16},"end":{"line":129,"column":16},"skip":true},{"start":{"line":129,"column":16},"end":{"line":129,"column":16},"skip":true}]},"16":{"line":134,"type":"cond-expr","locations":[{"start":{"line":135,"column":26},"end":{"line":135,"column":29},"skip":true},{"start":{"line":136,"column":26},"end":{"line":136,"column":54},"skip":true}]},"17":{"line":164,"type":"binary-expr","locations":[{"start":{"line":164,"column":27},"end":{"line":164,"column":43},"skip":true},{"start":{"line":164,"column":47},"end":{"line":164,"column":49},"skip":true}]},"18":{"line":258,"type":"if","locations":[{"start":{"line":258,"column":8},"end":{"line":258,"column":8},"skip":true},{"start":{"line":258,"column":8},"end":{"line":258,"column":8},"skip":true}]},"19":{"line":275,"type":"switch","locations":[{"start":{"line":276,"column":20},"end":{"line":277,"column":64},"skip":true},{"start":{"line":278,"column":20},"end":{"line":279,"column":40},"skip":true},{"start":{"line":280,"column":20},"end":{"line":281,"column":40},"skip":true},{"start":{"line":282,"column":20},"end":{"line":283,"column":39},"skip":true}]},"20":{"line":288,"type":"if","locations":[{"start":{"line":288,"column":8},"end":{"line":288,"column":8},"skip":true},{"start":{"line":288,"column":8},"end":{"line":288,"column":8},"skip":true}]},"21":{"line":288,"type":"binary-expr","locations":[{"start":{"line":288,"column":12},"end":{"line":288,"column":40},"skip":true},{"start":{"line":288,"column":44},"end":{"line":288,"column":67},"skip":true}]},"22":{"line":292,"type":"binary-expr","locations":[{"start":{"line":292,"column":12},"end":{"line":292,"column":50},"skip":true},{"start":{"line":293,"column":12},"end":{"line":293,"column":53},"skip":true}]},"23":{"line":297,"type":"binary-expr","locations":[{"start":{"line":297,"column":12},"end":{"line":297,"column":81},"skip":true},{"start":{"line":298,"column":12},"end":{"line":301,"column":36},"skip":true}]},"24":{"line":303,"type":"binary-expr","locations":[{"start":{"line":303,"column":43},"end":{"line":303,"column":75},"skip":true},{"start":{"line":303,"column":79},"end":{"line":303,"column":81},"skip":true}]},"25":{"line":306,"type":"if","locations":[{"start":{"line":306,"column":8},"end":{"line":306,"column":8},"skip":true},{"start":{"line":306,"column":8},"end":{"line":306,"column":8},"skip":true}]},"26":{"line":310,"type":"if","locations":[{"start":{"line":310,"column":8},"end":{"line":310,"column":8},"skip":true},{"start":{"line":310,"column":8},"end":{"line":310,"column":8},"skip":true}]},"27":{"line":313,"type":"binary-expr","locations":[{"start":{"line":313,"column":27},"end":{"line":313,"column":43},"skip":true},{"start":{"line":313,"column":47},"end":{"line":313,"column":53},"skip":true}]},"28":{"line":317,"type":"if","locations":[{"start":{"line":317,"column":12},"end":{"line":317,"column":12},"skip":true},{"start":{"line":317,"column":12},"end":{"line":317,"column":12},"skip":true}]}},"code":["/*","example.js","","quickstart example","","instruction","    1. save this script as example.js","    2. run the shell command:","        $ npm install npmtest-grunt-angular-templates && PORT=8081 node example.js","    3. play with the browser-demo on http://127.0.0.1:8081","*/","","","","/* istanbul instrument in package npmtest_grunt_angular_templates */","/*jslint","    bitwise: true,","    browser: true,","    maxerr: 8,","    maxlen: 96,","    node: true,","    nomen: true,","    regexp: true,","    stupid: true","*/","(function () {","    'use strict';","    var local;","","","","    // run shared js-env code - init-before","    (function () {","        // init local","        local = {};","        // init modeJs","        local.modeJs = (function () {","            try {","                return typeof navigator.userAgent === 'string' &&","                    typeof document.querySelector('body') === 'object' &&","                    typeof XMLHttpRequest.prototype.open === 'function' &&","                    'browser';","            } catch (errorCaughtBrowser) {","                return module.exports &&","                    typeof process.versions.node === 'string' &&","                    typeof require('http').createServer === 'function' &&","                    'node';","            }","        }());","        // init global","        local.global = local.modeJs === 'browser'","            ? window","            : global;","        // init utility2_rollup","        local = local.global.utility2_rollup || (local.modeJs === 'browser'","            ? local.global.utility2_npmtest_grunt_angular_templates","            : global.utility2_moduleExports);","        // export local","        local.global.local = local;","    }());","    switch (local.modeJs) {","","","","    // init-after","    // run browser js-env code - init-after","    /* istanbul ignore next */","    case 'browser':","        local.testRunBrowser = function (event) {","            if (!event || (event &&","                    event.currentTarget &&","                    event.currentTarget.className &&","                    event.currentTarget.className.includes &&","                    event.currentTarget.className.includes('onreset'))) {","                // reset output","                Array.from(","                    document.querySelectorAll('body > .resettable')","                ).forEach(function (element) {","                    switch (element.tagName) {","                    case 'INPUT':","                    case 'TEXTAREA':","                        element.value = '';","                        break;","                    default:","                        element.textContent = '';","                    }","                });","            }","            switch (event && event.currentTarget && event.currentTarget.id) {","            case 'testRunButton1':","                // show tests","                if (document.querySelector('#testReportDiv1').style.display === 'none') {","                    document.querySelector('#testReportDiv1').style.display = 'block';","                    document.querySelector('#testRunButton1').textContent =","                        'hide internal test';","                    local.modeTest = true;","                    local.testRunDefault(local);","                // hide tests","                } else {","                    document.querySelector('#testReportDiv1').style.display = 'none';","                    document.querySelector('#testRunButton1').textContent = 'run internal test';","                }","                break;","            // custom-case","            default:","                break;","            }","            if (document.querySelector('#inputTextareaEval1') && (!event || (event &&","                    event.currentTarget &&","                    event.currentTarget.className &&","                    event.currentTarget.className.includes &&","                    event.currentTarget.className.includes('oneval')))) {","                // try to eval input-code","                try {","                    /*jslint evil: true*/","                    eval(document.querySelector('#inputTextareaEval1').value);","                } catch (errorCaught) {","                    console.error(errorCaught);","                }","            }","        };","        // log stderr and stdout to #outputTextareaStdout1","        ['error', 'log'].forEach(function (key) {","            console[key + '_original'] = console[key];","            console[key] = function () {","                var element;","                console[key + '_original'].apply(console, arguments);","                element = document.querySelector('#outputTextareaStdout1');","                if (!element) {","                    return;","                }","                // append text to #outputTextareaStdout1","                element.value += Array.from(arguments).map(function (arg) {","                    return typeof arg === 'string'","                        ? arg","                        : JSON.stringify(arg, null, 4);","                }).join(' ') + '\\n';","                // scroll textarea to bottom","                element.scrollTop = element.scrollHeight;","            };","        });","        // init event-handling","        ['change', 'click', 'keyup'].forEach(function (event) {","            Array.from(document.querySelectorAll('.on' + event)).forEach(function (element) {","                element.addEventListener(event, local.testRunBrowser);","            });","        });","        // run tests","        local.testRunBrowser();","        break;","","","","    // run node js-env code - init-after","    /* istanbul ignore next */","    case 'node':","        // export local","        module.exports = local;","        // require modules","        local.fs = require('fs');","        local.http = require('http');","        local.url = require('url');","        // init assets","        local.assetsDict = local.assetsDict || {};","        /* jslint-ignore-begin */","        local.assetsDict['/assets.index.template.html'] = '\\","<!doctype html>\\n\\","<html lang=\"en\">\\n\\","<head>\\n\\","<meta charset=\"UTF-8\">\\n\\","<meta name=\"viewport\" content=\"width=device-width, initial-scale=1\">\\n\\","<title>{{env.npm_package_name}} (v{{env.npm_package_version}})</title>\\n\\","<style>\\n\\","/*csslint\\n\\","    box-sizing: false,\\n\\","    universal-selector: false\\n\\","*/\\n\\","* {\\n\\","    box-sizing: border-box;\\n\\","}\\n\\","body {\\n\\","    background: #dde;\\n\\","    font-family: Arial, Helvetica, sans-serif;\\n\\","    margin: 2rem;\\n\\","}\\n\\","body > * {\\n\\","    margin-bottom: 1rem;\\n\\","}\\n\\",".utility2FooterDiv {\\n\\","    margin-top: 20px;\\n\\","    text-align: center;\\n\\","}\\n\\","</style>\\n\\","<style>\\n\\","/*csslint\\n\\","*/\\n\\","textarea {\\n\\","    font-family: monospace;\\n\\","    height: 10rem;\\n\\","    width: 100%;\\n\\","}\\n\\","textarea[readonly] {\\n\\","    background: #ddd;\\n\\","}\\n\\","</style>\\n\\","</head>\\n\\","<body>\\n\\","<!-- utility2-comment\\n\\","<div id=\"ajaxProgressDiv1\" style=\"background: #d00; height: 2px; left: 0; margin: 0; padding: 0; position: fixed; top: 0; transition: background 0.5s, width 1.5s; width: 25%;\"></div>\\n\\","utility2-comment -->\\n\\","<h1>\\n\\","<!-- utility2-comment\\n\\","    <a\\n\\","        {{#if env.npm_package_homepage}}\\n\\","        href=\"{{env.npm_package_homepage}}\"\\n\\","        {{/if env.npm_package_homepage}}\\n\\","        target=\"_blank\"\\n\\","    >\\n\\","utility2-comment -->\\n\\","        {{env.npm_package_name}} (v{{env.npm_package_version}})\\n\\","<!-- utility2-comment\\n\\","    </a>\\n\\","utility2-comment -->\\n\\","</h1>\\n\\","<h3>{{env.npm_package_description}}</h3>\\n\\","<!-- utility2-comment\\n\\","<h4><a download href=\"assets.app.js\">download standalone app</a></h4>\\n\\","<button class=\"onclick onreset\" id=\"testRunButton1\">run internal test</button><br>\\n\\","<div id=\"testReportDiv1\" style=\"display: none;\"></div>\\n\\","utility2-comment -->\\n\\","\\n\\","\\n\\","\\n\\","<label>stderr and stdout</label>\\n\\","<textarea class=\"resettable\" id=\"outputTextareaStdout1\" readonly></textarea>\\n\\","<!-- utility2-comment\\n\\","{{#if isRollup}}\\n\\","<script src=\"assets.app.js\"></script>\\n\\","{{#unless isRollup}}\\n\\","utility2-comment -->\\n\\","<script src=\"assets.utility2.rollup.js\"></script>\\n\\","<script src=\"jsonp.utility2._stateInit?callback=window.utility2._stateInit\"></script>\\n\\","<script src=\"assets.npmtest_grunt_angular_templates.rollup.js\"></script>\\n\\","<script src=\"assets.example.js\"></script>\\n\\","<script src=\"assets.test.js\"></script>\\n\\","<!-- utility2-comment\\n\\","{{/if isRollup}}\\n\\","utility2-comment -->\\n\\","<div class=\"utility2FooterDiv\">\\n\\","    [ this app was created with\\n\\","    <a href=\"https://github.com/kaizhu256/node-utility2\" target=\"_blank\">utility2</a>\\n\\","    ]\\n\\","</div>\\n\\","</body>\\n\\","</html>\\n\\","';","        /* jslint-ignore-end */","        if (local.templateRender) {","            local.assetsDict['/'] = local.templateRender(","                local.assetsDict['/assets.index.template.html'],","                {","                    env: local.objectSetDefault(local.env, {","                        npm_package_description: 'the greatest app in the world!',","                        npm_package_name: 'my-app',","                        npm_package_nameAlias: 'my_app',","                        npm_package_version: '0.0.1'","                    })","                }","            );","        } else {","            local.assetsDict['/'] = local.assetsDict['/assets.index.template.html']","                .replace((/\\{\\{env\\.(\\w+?)\\}\\}/g), function (match0, match1) {","                    // jslint-hack","                    String(match0);","                    switch (match1) {","                    case 'npm_package_description':","                        return 'the greatest app in the world!';","                    case 'npm_package_name':","                        return 'my-app';","                    case 'npm_package_nameAlias':","                        return 'my_app';","                    case 'npm_package_version':","                        return '0.0.1';","                    }","                });","        }","        // run the cli","        if (local.global.utility2_rollup || module !== require.main) {","            break;","        }","        local.assetsDict['/assets.example.js'] =","            local.assetsDict['/assets.example.js'] ||","            local.fs.readFileSync(__filename, 'utf8');","        // bug-workaround - long $npm_package_buildCustomOrg","        /* jslint-ignore-begin */","        local.assetsDict['/assets.npmtest_grunt_angular_templates.rollup.js'] =","            local.assetsDict['/assets.npmtest_grunt_angular_templates.rollup.js'] ||","            local.fs.readFileSync(","                local.npmtest_grunt_angular_templates.__dirname + '/lib.npmtest_grunt_angular_templates.js',","                'utf8'","            ).replace((/^#!/), '//');","        /* jslint-ignore-end */","        local.assetsDict['/favicon.ico'] = local.assetsDict['/favicon.ico'] || '';","        // if $npm_config_timeout_exit exists,","        // then exit this process after $npm_config_timeout_exit ms","        if (Number(process.env.npm_config_timeout_exit)) {","            setTimeout(process.exit, Number(process.env.npm_config_timeout_exit));","        }","        // start server","        if (local.global.utility2_serverHttp1) {","            break;","        }","        process.env.PORT = process.env.PORT || '8081';","        console.error('server starting on port ' + process.env.PORT);","        local.http.createServer(function (request, response) {","            request.urlParsed = local.url.parse(request.url);","            if (local.assetsDict[request.urlParsed.pathname] !== undefined) {","                response.end(local.assetsDict[request.urlParsed.pathname]);","                return;","            }","            response.statusCode = 404;","            response.end();","        }).listen(process.env.PORT);","        break;","    }","}());",""],"l":{"26":2,"28":2,"33":2,"35":2,"37":2,"38":2,"39":2,"44":1,"51":2,"55":2,"59":2,"61":2,"69":1,"70":2,"76":2,"79":2,"82":2,"83":2,"85":1,"89":2,"92":1,"93":1,"94":1,"96":1,"97":1,"100":1,"101":1,"103":1,"106":1,"108":2,"114":1,"116":1,"118":1,"123":1,"124":2,"125":2,"126":3,"127":3,"128":3,"129":3,"130":1,"133":3,"134":3,"139":3,"143":1,"144":3,"145":1,"149":1,"150":1,"158":1,"160":1,"161":1,"162":1,"164":1,"166":1,"258":1,"259":1,"271":1,"274":6,"275":6,"277":1,"279":2,"281":1,"283":2,"288":1,"289":1,"291":1,"296":1,"303":1,"306":1,"307":1,"310":1,"311":1,"313":1,"314":1,"315":1,"316":1,"317":1,"318":1,"319":1,"321":1,"322":1,"324":1}},"/home/travis/build/npmtest/node-npmtest-grunt-angular-templates/node_modules/grunt-angular-templates/Gruntfile.js":{"path":"/home/travis/build/npmtest/node-npmtest-grunt-angular-templates/node_modules/grunt-angular-templates/Gruntfile.js","s":{"1":1,"2":0,"3":0,"4":0,"5":0,"6":0,"7":0,"8":0,"9":0,"10":0,"11":0,"12":0,"13":0,"14":0,"15":0,"16":0,"17":0,"18":0,"19":0,"20":0,"21":0,"22":0,"23":0,"24":0,"25":0,"26":0,"27":0,"28":0,"29":0,"30":0,"31":0,"32":0,"33":0,"34":0,"35":0,"36":0,"37":0,"38":0,"39":0,"40":0,"41":0,"42":0},"b":{"1":[0,0],"2":[0,0]},"f":{"1":0,"2":0,"3":0,"4":0,"5":0,"6":0,"7":0,"8":0,"9":0,"10":0},"fnMap":{"1":{"name":"(anonymous_1)","line":11,"loc":{"start":{"line":11,"column":17},"end":{"line":11,"column":33}}},"2":{"name":"(anonymous_2)","line":103,"loc":{"start":{"line":103,"column":21},"end":{"line":103,"column":46}}},"3":{"name":"(anonymous_3)","line":194,"loc":{"start":{"line":194,"column":18},"end":{"line":194,"column":41}}},"4":{"name":"(anonymous_4)","line":197,"loc":{"start":{"line":197,"column":15},"end":{"line":197,"column":30}}},"5":{"name":"(anonymous_5)","line":217,"loc":{"start":{"line":217,"column":18},"end":{"line":217,"column":40}}},"6":{"name":"(anonymous_6)","line":259,"loc":{"start":{"line":259,"column":15},"end":{"line":259,"column":29}}},"7":{"name":"(anonymous_7)","line":314,"loc":{"start":{"line":314,"column":51},"end":{"line":314,"column":63}}},"8":{"name":"(anonymous_8)","line":322,"loc":{"start":{"line":322,"column":44},"end":{"line":322,"column":56}}},"9":{"name":"(anonymous_9)","line":332,"loc":{"start":{"line":332,"column":38},"end":{"line":332,"column":48}}},"10":{"name":"(anonymous_10)","line":345,"loc":{"start":{"line":345,"column":40},"end":{"line":345,"column":50}}}},"statementMap":{"1":{"start":{"line":11,"column":0},"end":{"line":385,"column":2}},"2":{"start":{"line":13,"column":2},"end":{"line":312,"column":5}},"3":{"start":{"line":104,"column":12},"end":{"line":104,"column":87}},"4":{"start":{"line":195,"column":12},"end":{"line":195,"column":44}},"5":{"start":{"line":198,"column":12},"end":{"line":198,"column":45}},"6":{"start":{"line":218,"column":12},"end":{"line":218,"column":63}},"7":{"start":{"line":260,"column":12},"end":{"line":260,"column":44}},"8":{"start":{"line":314,"column":2},"end":{"line":320,"column":5}},"9":{"start":{"line":315,"column":4},"end":{"line":315,"column":47}},"10":{"start":{"line":316,"column":4},"end":{"line":316,"column":47}},"11":{"start":{"line":317,"column":4},"end":{"line":317,"column":80}},"12":{"start":{"line":318,"column":4},"end":{"line":318,"column":66}},"13":{"start":{"line":319,"column":4},"end":{"line":319,"column":36}},"14":{"start":{"line":322,"column":2},"end":{"line":326,"column":5}},"15":{"start":{"line":323,"column":4},"end":{"line":323,"column":66}},"16":{"start":{"line":324,"column":4},"end":{"line":324,"column":52}},"17":{"start":{"line":325,"column":4},"end":{"line":325,"column":29}},"18":{"start":{"line":328,"column":2},"end":{"line":330,"column":4}},"19":{"start":{"line":332,"column":2},"end":{"line":343,"column":5}},"20":{"start":{"line":333,"column":4},"end":{"line":333,"column":64}},"21":{"start":{"line":334,"column":4},"end":{"line":334,"column":19}},"22":{"start":{"line":336,"column":4},"end":{"line":340,"column":5}},"23":{"start":{"line":337,"column":6},"end":{"line":339,"column":7}},"24":{"start":{"line":338,"column":8},"end":{"line":338,"column":53}},"25":{"start":{"line":342,"column":4},"end":{"line":342,"column":26}},"26":{"start":{"line":345,"column":2},"end":{"line":356,"column":5}},"27":{"start":{"line":346,"column":4},"end":{"line":346,"column":64}},"28":{"start":{"line":347,"column":4},"end":{"line":347,"column":19}},"29":{"start":{"line":349,"column":4},"end":{"line":353,"column":5}},"30":{"start":{"line":350,"column":6},"end":{"line":352,"column":7}},"31":{"start":{"line":351,"column":8},"end":{"line":351,"column":53}},"32":{"start":{"line":355,"column":4},"end":{"line":355,"column":26}},"33":{"start":{"line":359,"column":2},"end":{"line":359,"column":27}},"34":{"start":{"line":360,"column":2},"end":{"line":360,"column":44}},"35":{"start":{"line":361,"column":2},"end":{"line":361,"column":45}},"36":{"start":{"line":362,"column":2},"end":{"line":362,"column":43}},"37":{"start":{"line":363,"column":2},"end":{"line":363,"column":45}},"38":{"start":{"line":364,"column":2},"end":{"line":364,"column":45}},"39":{"start":{"line":365,"column":2},"end":{"line":365,"column":47}},"40":{"start":{"line":366,"column":2},"end":{"line":366,"column":45}},"41":{"start":{"line":367,"column":2},"end":{"line":367,"column":37}},"42":{"start":{"line":369,"column":2},"end":{"line":384,"column":5}}},"branchMap":{"1":{"line":337,"type":"if","locations":[{"start":{"line":337,"column":6},"end":{"line":337,"column":6}},{"start":{"line":337,"column":6},"end":{"line":337,"column":6}}]},"2":{"line":350,"type":"if","locations":[{"start":{"line":350,"column":6},"end":{"line":350,"column":6}},{"start":{"line":350,"column":6},"end":{"line":350,"column":6}}]}},"code":["/*"," * grunt-angular-templates"," * https://github.com/ericclemmons/grunt-angular-templates"," *"," * Copyright (c) 2013 Eric Clemmons"," * Licensed under the MIT license."," */","","'use strict';","","module.exports = function(grunt) {","","  grunt.initConfig({","    clean: {","      tests: 'tmp'","    },","    copy: {","      tmp: {","        files: [{","          expand: true,","          cwd: 'test/fixtures',","          src: ['usemin.html', 'useminUgly.html', 'usemin/*', 'useminUgly/*'],","          dest: 'tmp/'","        }]","      }","    },","    nodeunit: {","      tests: ['test/*.js']","    },","    watch: {","      tests: '<%= nodeunit.tests %>',","      tasks: 'default'","    },","    jshint: {","      all: ['Gruntfile.js', 'tasks/**/*.js', '<%= nodeunit.tests %>'],","      options: {","        jshintrc: '.jshintrc',","      }","    },","    concat: {","      custom_concat: {","        src: 'test/fixtures/one.html',","        dest: 'tmp/custom_concat_combined.js',","        options: {","          separator: '\\n\\n'","        }","      }","    },","    usemin: {","      html: 'tmp/useminUgly.html'","    },","    useminWithoutUglify: {","      html: 'tmp/usemin.html'","    },","    useminPrepare: {","      html: 'test/fixtures/useminUgly.html',","      options: {","        dest: 'tmp',","        staging: 'tmp',","        flow: {","          html: {","            steps: {","              js: ['concat', 'uglify'],","              css: ['concat', 'cssmin']","            }","          }","        }","      }","    },","    useminPrepareWithoutUglify: {","      html: 'test/fixtures/usemin.html',","      options: {","        dest: 'tmp',","        staging: 'tmp',","        flow: {","          html: {","            steps: {","              js: ['concat'],","              css: ['concat']","            }","          }","        }","      }","    },","    cssmin: {},","","    // All supported examples should be here","    ngtemplates: {","      // Change `angular` namespace to something else","      custom_angular: {","        src: ['test/fixtures/one.html', 'test/fixtures/two/**/*.html'],","        dest: 'tmp/custom_angular.js',","        options: {","          angular: 'myAngular'","        }","      },","","      // Custom CommonJS bootstrapper","      custom_bootstrap: {","        src: ['test/fixtures/one.html', 'test/fixtures/two/**/*.html'],","        dest: 'tmp/custom_bootstrap.js',","        options: {","          bootstrap: function(module, script) {","            return 'module.exports = function($templateCache) {\\n' + script + '\\n};\\n';","          }","        }","      },","","      // Append dest to existing concat target","      custom_concat: {","        src: ['test/fixtures/one.html', 'test/fixtures/two/**/*.html'],","        dest: 'tmp/custom_concat.js',","        options: {","          concat: 'custom_concat'","        }","      },","","      custom_usemin: {","        src: ['test/fixtures/one.html', 'test/fixtures/two/**/*.html'],","        dest: 'tmp/custom_concat_usemin.js',","        options: {","          usemin: 'useminUgly/all.js'","        }","      },","","      custom_usemin_not_found: {","        src: ['test/fixtures/one.html', 'test/fixtures/two/**/*.html'],","        dest: 'tmp/custom_concat_usemin_not_found.js',","        options: {","          usemin: 'useminUgly/not_found.js'","        }","      },","","      html5: {","        src: ['test/fixtures/html5.html'],","        dest: 'tmp/html5.js'","      },","","      // Minify the HTML","      custom_htmlmin: {","        src: ['test/fixtures/one.html', 'test/fixtures/two/**/*.html'],","        dest: 'tmp/custom_htmlmin.js',","        options: {","          htmlmin: {","            collapseBooleanAttributes:      true,","            collapseWhitespace:             true,","            removeAttributeQuotes:          true,","            removeComments:                 true,","            removeEmptyAttributes:          true,","            removeRedundantAttributes:      true,","            removeScriptTypeAttributes:     true,","            removeStyleLinkTypeAttributes:  true","          }","        }","      },","","      missing_htmlmin: {","        src: ['test/fixtures/one.html', 'test/fixtures/two/**/*.html'],","        dest: 'tmp/missing_htmlmin.js',","        options: {","          htmlmin: null","        }","      },","","      // Minify the HTML, but using another tasks' settings","      task_htmlmin: {","        src: ['test/fixtures/one.html', 'test/fixtures/two/**/*.html'],","        dest: 'tmp/task_htmlmin.js',","        options: {","          htmlmin: '<%= ngtemplates.custom_htmlmin.options.htmlmin %>'","        }","      },","","      // Default `module` option to the sub-task name (`default_module`)","      default_module: {","        src: ['test/fixtures/one.html', 'test/fixtures/two/**/*.html'],","        dest: 'tmp/default_module.js'","      },","","      // Customize angular module","      custom_module: {","        src: ['test/fixtures/one.html', 'test/fixtures/two/**/*.html'],","        dest: 'tmp/custom_module.js',","        options: {","          module: 'customModule'","        }","      },","","      // Customize angular module","      callback_module: {","        src: ['test/fixtures/one.html', 'test/fixtures/two/**/*.html'],","        dest: 'tmp/callback_module.js',","        options: {","          module: function(url, options) {","            return url.split('/').join('.');","          },","          url: function(file) {","            return file.replace('.html', '');","          }","        }","      },","","      // Customize template URL prefix","      custom_prefix: {","        src: ['test/fixtures/one.html', 'test/fixtures/two/**/*.html'],","        dest: 'tmp/custom_prefix.js',","        options: {","          prefix: '/static'","        }","      },","","      // Customize template source","      custom_source: {","        src: ['test/fixtures/one.html', 'test/fixtures/two/**/*.html'],","        dest: 'tmp/custom_source.js',","        options: {","          source: function(source, url) {","            return \"<!-- Template: \" + url + \" -->\\n\" + source;","          }","        }","      },","","      // Module should be new & have [] defined","      standalone: {","        src: ['test/fixtures/one.html', 'test/fixtures/two/**/*.html'],","        dest: 'tmp/standalone.js',","        options: {","          standalone: true","        }","      },","","      // URLs should match path exactly","      full_url: {","        src: ['test/fixtures/one.html', 'test/fixtures/two/**/*.html'],","        dest: 'tmp/full_url.js'","      },","","      // URLs should match path, sans the `cwd`","      relative_url: {","        cwd: 'test/fixtures',","        src: ['one.html', 'two/**/*.html'],","        dest: 'tmp/relative_url.js'","      },","","      // URLs should match path, sans the `cwd`","      relative_url_expand: {","        expand: true,","        cwd: 'test/fixtures',","        src: ['three/**/*.html'],","        dest: 'tmp',","        ext: '.js'","      },","","      // Customize URLs to not have an extension","      custom_url:  {","        src: ['test/fixtures/one.html', 'test/fixtures/two/**/*.html'],","        dest: 'tmp/custom_url.js',","        options: {","          url: function(url) {","            return url.replace('.html', '');","          }","        }","      },","","      // Empty file","      empty_file: {","        src: 'test/fixtures/empty.html',","        dest: 'tmp/empty_file.js'","      },","","      // undefined file","      undefined_file: {","        src: 'test/fixtures/undefined.html',","        dest: 'tmp/undefined_file.js'","      },","","      single_quotes: {","        src: 'test/fixtures/one.html',","        dest: 'tmp/single_quotes.js',","        options: {","          quotes: 'single'","        }","      },","","      linebreak: {","        src: 'test/fixtures/linebreak.html',","        dest: 'tmp/linebreak.js',","      },","","      regexp: {","        src: 'test/fixtures/regexp.html',","        dest: 'tmp/regexp.js'","      },","","      usemin_no_uglify: {","        src: ['test/fixtures/one.html', 'test/fixtures/two/**/*.html'],","        dest: 'tmp/custom_concat_usemin_no_uglify.js',","        options: {","          usemin: 'usemin/all.js'","        }","      },","","      // bunch of files at different level in a directory (unmerged in dest)","      unmerged_files: {","        src: 'test/fixtures/unmerged/**/*.html',","        dest: 'tmp/unmerged/',","        options: {","          merge: false","        }","      }","    }","  });","","  grunt.registerTask('useminPrepareWithoutUglify', function () {","    grunt.config.set('concat.generated', null);","    grunt.config.set('uglify.generated', null);","    var useminPrepareWithoutUglify = grunt.config('useminPrepareWithoutUglify');","    grunt.config.set('useminPrepare', useminPrepareWithoutUglify);","    grunt.task.run('useminPrepare');","  });","","  grunt.registerTask('useminWithoutUglify', function () {","    var useminWithoutUglify = grunt.config('useminWithoutUglify');","    grunt.config.set('usemin', useminWithoutUglify);","    grunt.task.run('usemin');","  });","","  var prettyTemplates = [","    'usemin_no_uglify'","  ];","","  grunt.registerTask('uglyTemplates', function(){","    var templateKeys = Object.keys(grunt.config('ngtemplates'));","    var tasks = [];","","    for(var i in templateKeys){","      if(prettyTemplates.indexOf(templateKeys[i]) === -1){","        tasks.push('ngtemplates:' + templateKeys[i]);","      }","    }","","    grunt.task.run(tasks);","  });","","  grunt.registerTask('prettyTemplates', function(){","    var templateKeys = Object.keys(grunt.config('ngtemplates'));","    var tasks = [];","","    for(var i in templateKeys){","      if(prettyTemplates.indexOf(templateKeys[i]) !== -1){","        tasks.push('ngtemplates:' + templateKeys[i]);","      }","    }","","    grunt.task.run(tasks);","  });","","  // Load local tasks.","  grunt.loadTasks('tasks');","  grunt.loadNpmTasks('grunt-contrib-clean');","  grunt.loadNpmTasks('grunt-contrib-concat');","  grunt.loadNpmTasks('grunt-contrib-copy');","  grunt.loadNpmTasks('grunt-contrib-cssmin');","  grunt.loadNpmTasks('grunt-contrib-jshint');","  grunt.loadNpmTasks('grunt-contrib-nodeunit');","  grunt.loadNpmTasks('grunt-contrib-uglify');","  grunt.loadNpmTasks('grunt-usemin');","","  grunt.registerTask('default', [","    'jshint',","    'clean',","    'copy',","    'useminPrepare',","    'uglyTemplates',","    'concat',","    'uglify',","    'cssmin',","    'usemin',","    'useminPrepareWithoutUglify',","    'prettyTemplates',","    'concat',","    'useminWithoutUglify',","    'nodeunit'","  ]);","};",""],"l":{"11":1,"13":0,"104":0,"195":0,"198":0,"218":0,"260":0,"314":0,"315":0,"316":0,"317":0,"318":0,"319":0,"322":0,"323":0,"324":0,"325":0,"328":0,"332":0,"333":0,"334":0,"336":0,"337":0,"338":0,"342":0,"345":0,"346":0,"347":0,"349":0,"350":0,"351":0,"355":0,"359":0,"360":0,"361":0,"362":0,"363":0,"364":0,"365":0,"366":0,"367":0,"369":0}},"/home/travis/build/npmtest/node-npmtest-grunt-angular-templates/node_modules/grunt-angular-templates/tasks/angular-templates.js":{"path":"/home/travis/build/npmtest/node-npmtest-grunt-angular-templates/node_modules/grunt-angular-templates/tasks/angular-templates.js","s":{"1":1,"2":1,"3":1,"4":1,"5":0,"6":0,"7":0,"8":0,"9":0,"10":0,"11":0,"12":0,"13":0,"14":0,"15":0,"16":0,"17":0,"18":0,"19":0,"20":0,"21":0,"22":0,"23":0,"24":0,"25":0,"26":0,"27":0,"28":0,"29":0,"30":0,"31":0,"32":0,"33":0,"34":0,"35":0,"36":0,"37":0,"38":0,"39":0,"40":0,"41":0,"42":0,"43":0},"b":{"1":[0,0],"2":[0,0],"3":[0,0],"4":[0,0],"5":[0,0],"6":[0,0],"7":[0,0],"8":[0,0],"9":[0,0],"10":[0,0]},"f":{"1":0,"2":0,"3":0,"4":0,"5":0,"6":0},"fnMap":{"1":{"name":"(anonymous_1)","line":15,"loc":{"start":{"line":15,"column":17},"end":{"line":15,"column":33}}},"2":{"name":"(anonymous_2)","line":17,"loc":{"start":{"line":17,"column":21},"end":{"line":17,"column":55}}},"3":{"name":"(anonymous_3)","line":21,"loc":{"start":{"line":21,"column":24},"end":{"line":21,"column":35}}},"4":{"name":"(anonymous_4)","line":29,"loc":{"start":{"line":29,"column":18},"end":{"line":29,"column":35}}},"5":{"name":"(anonymous_5)","line":31,"loc":{"start":{"line":31,"column":18},"end":{"line":31,"column":33}}},"6":{"name":"(anonymous_6)","line":40,"loc":{"start":{"line":40,"column":23},"end":{"line":40,"column":38}}}},"statementMap":{"1":{"start":{"line":11,"column":0},"end":{"line":11,"column":42}},"2":{"start":{"line":12,"column":0},"end":{"line":12,"column":42}},"3":{"start":{"line":13,"column":0},"end":{"line":13,"column":30}},"4":{"start":{"line":15,"column":0},"end":{"line":101,"column":2}},"5":{"start":{"line":17,"column":2},"end":{"line":19,"column":4}},"6":{"start":{"line":18,"column":4},"end":{"line":18,"column":159}},"7":{"start":{"line":21,"column":2},"end":{"line":97,"column":4}},"8":{"start":{"line":22,"column":4},"end":{"line":36,"column":7}},"9":{"start":{"line":29,"column":37},"end":{"line":29,"column":51}},"10":{"start":{"line":31,"column":35},"end":{"line":31,"column":47}},"11":{"start":{"line":38,"column":4},"end":{"line":38,"column":49}},"12":{"start":{"line":40,"column":4},"end":{"line":96,"column":7}},"13":{"start":{"line":41,"column":6},"end":{"line":43,"column":7}},"14":{"start":{"line":42,"column":8},"end":{"line":42,"column":45}},"15":{"start":{"line":45,"column":6},"end":{"line":45,"column":38}},"16":{"start":{"line":46,"column":6},"end":{"line":46,"column":60}},"17":{"start":{"line":48,"column":6},"end":{"line":48,"column":66}},"18":{"start":{"line":49,"column":6},"end":{"line":49,"column":42}},"19":{"start":{"line":50,"column":6},"end":{"line":50,"column":49}},"20":{"start":{"line":51,"column":6},"end":{"line":51,"column":25}},"21":{"start":{"line":53,"column":6},"end":{"line":62,"column":7}},"22":{"start":{"line":54,"column":8},"end":{"line":61,"column":9}},"23":{"start":{"line":55,"column":10},"end":{"line":55,"column":67}},"24":{"start":{"line":58,"column":10},"end":{"line":60,"column":11}},"25":{"start":{"line":59,"column":12},"end":{"line":59,"column":67}},"26":{"start":{"line":64,"column":6},"end":{"line":82,"column":7}},"27":{"start":{"line":65,"column":8},"end":{"line":65,"column":58}},"28":{"start":{"line":66,"column":8},"end":{"line":66,"column":66}},"29":{"start":{"line":69,"column":8},"end":{"line":81,"column":9}},"30":{"start":{"line":70,"column":10},"end":{"line":70,"column":59}},"31":{"start":{"line":71,"column":10},"end":{"line":71,"column":68}},"32":{"start":{"line":74,"column":10},"end":{"line":80,"column":11}},"33":{"start":{"line":75,"column":12},"end":{"line":75,"column":47}},"34":{"start":{"line":77,"column":12},"end":{"line":77,"column":54}},"35":{"start":{"line":78,"column":12},"end":{"line":78,"column":48}},"36":{"start":{"line":79,"column":12},"end":{"line":79,"column":65}},"37":{"start":{"line":85,"column":6},"end":{"line":89,"column":7}},"38":{"start":{"line":86,"column":8},"end":{"line":88,"column":9}},"39":{"start":{"line":87,"column":10},"end":{"line":87,"column":118}},"40":{"start":{"line":91,"column":6},"end":{"line":95,"column":7}},"41":{"start":{"line":92,"column":8},"end":{"line":94,"column":9}},"42":{"start":{"line":93,"column":10},"end":{"line":93,"column":102}},"43":{"start":{"line":99,"column":2},"end":{"line":99,"column":108}}},"branchMap":{"1":{"line":18,"type":"cond-expr","locations":[{"start":{"line":18,"column":72},"end":{"line":18,"column":78}},{"start":{"line":18,"column":81},"end":{"line":18,"column":83}}]},"2":{"line":41,"type":"if","locations":[{"start":{"line":41,"column":6},"end":{"line":41,"column":6}},{"start":{"line":41,"column":6},"end":{"line":41,"column":6}}]},"3":{"line":46,"type":"cond-expr","locations":[{"start":{"line":46,"column":35},"end":{"line":46,"column":48}},{"start":{"line":46,"column":51},"end":{"line":46,"column":59}}]},"4":{"line":54,"type":"if","locations":[{"start":{"line":54,"column":8},"end":{"line":54,"column":8}},{"start":{"line":54,"column":8},"end":{"line":54,"column":8}}]},"5":{"line":64,"type":"if","locations":[{"start":{"line":64,"column":6},"end":{"line":64,"column":6}},{"start":{"line":64,"column":6},"end":{"line":64,"column":6}}]},"6":{"line":69,"type":"if","locations":[{"start":{"line":69,"column":8},"end":{"line":69,"column":8}},{"start":{"line":69,"column":8},"end":{"line":69,"column":8}}]},"7":{"line":85,"type":"if","locations":[{"start":{"line":85,"column":6},"end":{"line":85,"column":6}},{"start":{"line":85,"column":6},"end":{"line":85,"column":6}}]},"8":{"line":86,"type":"if","locations":[{"start":{"line":86,"column":8},"end":{"line":86,"column":8}},{"start":{"line":86,"column":8},"end":{"line":86,"column":8}}]},"9":{"line":91,"type":"if","locations":[{"start":{"line":91,"column":6},"end":{"line":91,"column":6}},{"start":{"line":91,"column":6},"end":{"line":91,"column":6}}]},"10":{"line":92,"type":"if","locations":[{"start":{"line":92,"column":8},"end":{"line":92,"column":8}},{"start":{"line":92,"column":8},"end":{"line":92,"column":8}}]}},"code":["/*"," * grunt-angular-templates"," * https://github.com/ericclemmons/grunt-angular-templates"," *"," * Copyright (c) 2013 Eric Clemmons"," * Licensed under the MIT license."," */","","'use strict';","","var Compiler  = require('./lib/compiler');","var Appender  = require('./lib/appender');","var fs        = require('fs');","","module.exports = function(grunt) {","","  var bootstrapper = function(module, script, options) {","    return options.angular+\".module('\"+module+\"'\"+(options.standalone ? ', []' : '')+\").run(['$templateCache', function($templateCache) {\\n\"+script+\"\\n}]);\\n\";","  };","","  var ngtemplatesTask = function() {","    var options = this.options({","      angular:    'angular',","      bootstrap:  bootstrapper,","      concat:     null,","      htmlmin:    {},","      module:     this.target,","      prefix:     '',","      source:     function(source) { return source; },","      standalone: false,","      url:        function(path) { return path; },","      usemin:     null,","      append:     false,","      quotes:     'double',","      merge:      true","    });","","    grunt.verbose.writeflags(options, 'Options');","","    this.files.forEach(function(file) {","      if (!file.src.length) {","        grunt.log.warn('No templates found');","      }","","      var expanded = file.orig.expand;","      var cwd = file.orig.expand ? file.orig.cwd : file.cwd;","","      var compiler  = new Compiler(grunt, options, cwd, expanded);","      var appender  = new Appender(grunt);","      var modules   = compiler.modules(file.src);","      var compiled  = [];","","      for (var module in modules) {","        if (options.merge) {","          compiled.push(compiler.compile(module, modules[module]));","        } else {","          //Compiling each file to the same module","          for (var j = 0; j < file.src.length; j++) {","            compiled.push(compiler.compile(module, [file.src[j]]));","          }","        }","      }","","      if (options.append){","        fs.appendFileSync(file.dest, compiled.join('\\n'));","        grunt.log.writeln('File ' + file.dest.cyan + ' updated.');","      }","      else{","        if (options.merge) {","          grunt.file.write(file.dest, compiled.join('\\n'));","          grunt.log.writeln('File ' + file.dest.cyan + ' created.');","        } else {","          //Writing compiled file to the same relative location as source, without merging them together ","          for (var i = 0; i < compiled.length; i++) {","            var dest = file.dest + file.src[i];","            //Change extension to js from html/htm","            dest = dest.replace(/(html|htm)$/i, \"js\");","            grunt.file.write(dest, compiled[i]);","            grunt.log.writeln('File ' + dest.cyan + ' created.');","          }","        }","      }","","","      if (options.usemin) {","        if (appender.save('generated', appender.concatUseminFiles(options.usemin, file))) {","          grunt.log.writeln('Added ' + file.dest.cyan + ' to ' + ('<!-- build:js ' + options.usemin + ' -->').yellow);","        }","      }","","      if (options.concat) {","        if (appender.save(options.concat, appender.concatFiles(options.concat, file))) {","          grunt.log.writeln('Added ' + file.dest.cyan + ' to ' + ('concat:' + options.concat).yellow);","        }","      }","    });","  };","","  grunt.registerMultiTask('ngtemplates', 'Compile AngularJS templates for $templateCache', ngtemplatesTask);","","};",""],"l":{"11":1,"12":1,"13":1,"15":1,"17":0,"18":0,"21":0,"22":0,"29":0,"31":0,"38":0,"40":0,"41":0,"42":0,"45":0,"46":0,"48":0,"49":0,"50":0,"51":0,"53":0,"54":0,"55":0,"58":0,"59":0,"64":0,"65":0,"66":0,"69":0,"70":0,"71":0,"74":0,"75":0,"77":0,"78":0,"79":0,"85":0,"86":0,"87":0,"91":0,"92":0,"93":0,"99":0}},"/home/travis/build/npmtest/node-npmtest-grunt-angular-templates/node_modules/grunt-angular-templates/tasks/lib/compiler.js":{"path":"/home/travis/build/npmtest/node-npmtest-grunt-angular-templates/node_modules/grunt-angular-templates/tasks/lib/compiler.js","s":{"1":1,"2":1,"3":1,"4":0,"5":0,"6":0,"7":0,"8":0,"9":0,"10":0,"11":0,"12":0,"13":0,"14":0,"15":0,"16":0,"17":0,"18":0,"19":0,"20":0,"21":0,"22":0,"23":0,"24":0,"25":0,"26":0,"27":0,"28":0,"29":0,"30":0,"31":0,"32":0,"33":0,"34":0,"35":0,"36":0,"37":0,"38":0,"39":0,"40":0,"41":0,"42":0,"43":0,"44":0,"45":0,"46":0,"47":0,"48":0,"49":0,"50":0,"51":0,"52":0,"53":0,"54":0,"55":0,"56":0,"57":0,"58":0,"59":0,"60":0,"61":0,"62":0,"63":0,"64":0,"65":0,"66":0,"67":0,"68":1},"b":{"1":[0,0],"2":[0,0],"3":[0,0],"4":[0,0],"5":[0,0],"6":[0,0],"7":[0,0],"8":[0,0],"9":[0,0],"10":[0,0],"11":[0,0],"12":[0,0],"13":[0,0],"14":[0,0]},"f":{"1":0,"2":0,"3":0,"4":0,"5":0,"6":0,"7":0,"8":0,"9":0,"10":0,"11":0,"12":0,"13":0,"14":0,"15":0,"16":0,"17":0},"fnMap":{"1":{"name":"(anonymous_1)","line":21,"loc":{"start":{"line":21,"column":15},"end":{"line":21,"column":55}}},"2":{"name":"(anonymous_2)","line":29,"loc":{"start":{"line":29,"column":19},"end":{"line":29,"column":44}}},"3":{"name":"(anonymous_3)","line":39,"loc":{"start":{"line":39,"column":15},"end":{"line":39,"column":47}}},"4":{"name":"(anonymous_4)","line":64,"loc":{"start":{"line":64,"column":17},"end":{"line":64,"column":41}}},"5":{"name":"(anonymous_5)","line":65,"loc":{"start":{"line":65,"column":44},"end":{"line":65,"column":59}}},"6":{"name":"(anonymous_6)","line":79,"loc":{"start":{"line":79,"column":11},"end":{"line":79,"column":31}}},"7":{"name":"(anonymous_7)","line":83,"loc":{"start":{"line":83,"column":11},"end":{"line":83,"column":31}}},"8":{"name":"(anonymous_8)","line":99,"loc":{"start":{"line":99,"column":19},"end":{"line":99,"column":42}}},"9":{"name":"(anonymous_9)","line":112,"loc":{"start":{"line":112,"column":14},"end":{"line":112,"column":29}}},"10":{"name":"(anonymous_10)","line":121,"loc":{"start":{"line":121,"column":16},"end":{"line":121,"column":33}}},"11":{"name":"(anonymous_11)","line":139,"loc":{"start":{"line":139,"column":16},"end":{"line":139,"column":31}}},"12":{"name":"(anonymous_12)","line":152,"loc":{"start":{"line":152,"column":17},"end":{"line":152,"column":33}}},"13":{"name":"(anonymous_13)","line":155,"loc":{"start":{"line":155,"column":18},"end":{"line":155,"column":33}}},"14":{"name":"(anonymous_14)","line":173,"loc":{"start":{"line":173,"column":14},"end":{"line":173,"column":29}}},"15":{"name":"(anonymous_15)","line":186,"loc":{"start":{"line":186,"column":19},"end":{"line":186,"column":36}}},"16":{"name":"(anonymous_16)","line":187,"loc":{"start":{"line":187,"column":35},"end":{"line":187,"column":50}}},"17":{"name":"(anonymous_17)","line":205,"loc":{"start":{"line":205,"column":13},"end":{"line":205,"column":28}}}},"statementMap":{"1":{"start":{"line":11,"column":0},"end":{"line":11,"column":46}},"2":{"start":{"line":12,"column":0},"end":{"line":12,"column":29}},"3":{"start":{"line":21,"column":0},"end":{"line":213,"column":2}},"4":{"start":{"line":29,"column":2},"end":{"line":31,"column":4}},"5":{"start":{"line":30,"column":4},"end":{"line":30,"column":54}},"6":{"start":{"line":39,"column":2},"end":{"line":56,"column":4}},"7":{"start":{"line":40,"column":4},"end":{"line":40,"column":22}},"8":{"start":{"line":43,"column":4},"end":{"line":45,"column":5}},"9":{"start":{"line":44,"column":6},"end":{"line":44,"column":39}},"10":{"start":{"line":47,"column":4},"end":{"line":50,"column":5}},"11":{"start":{"line":48,"column":6},"end":{"line":48,"column":
[...]
e":206,"column":4},"end":{"line":208,"column":5}},"66":{"start":{"line":207,"column":6},"end":{"line":207,"column":40}},"67":{"start":{"line":210,"column":4},"end":{"line":210,"column":16}},"68":{"start":{"line":215,"column":0},"end":{"line":215,"column":26}}},"branchMap":{"1":{"line":43,"type":"if","locations":[{"start":{"line":43,"column":4},"end":{"line":43,"column":4}},{"start":{"line":43,"column":4},"end":{"line":43,"column":4}}]},"2":{"line":47,"type":"if","locations":[{"start":{"line":47,"column":4},"end":{"line":47,"column":4}},{"start":{"line":47,"column":4},"end":{"line":47,"column":4}}]},"3":{"line":47,"type":"binary-expr","locations":[{"start":{"line":47,"column":7},"end":{"line":47,"column":10}},{"start":{"line":47,"column":14},"end":{"line":47,"column":22}}]},"4":{"line":66,"type":"if","locations":[{"start":{"line":66,"column":6},"end":{"line":66,"column":6}},{"start":{"line":66,"column":6},"end":{"line":66,"column":6}}]},"5":{"line":100,"type":"if","locations":[{"start":{"line":100,"column":4},"end":{"line":100,"column":4}},{"start":{"line":100,"column":4},"end":{"line":100,"column":4}}]},"6":{"line":122,"type":"if","locations":[{"start":{"line":122,"column":4},"end":{"line":122,"column":4}},{"start":{"line":122,"column":4},"end":{"line":122,"column":4}}]},"7":{"line":122,"type":"binary-expr","locations":[{"start":{"line":122,"column":8},"end":{"line":122,"column":23}},{"start":{"line":122,"column":27},"end":{"line":122,"column":62}}]},"8":{"line":140,"type":"if","locations":[{"start":{"line":140,"column":4},"end":{"line":140,"column":4}},{"start":{"line":140,"column":4},"end":{"line":140,"column":4}}]},"9":{"line":158,"type":"if","locations":[{"start":{"line":158,"column":6},"end":{"line":158,"column":6}},{"start":{"line":158,"column":6},"end":{"line":158,"column":6}}]},"10":{"line":174,"type":"if","locations":[{"start":{"line":174,"column":4},"end":{"line":174,"column":4}},{"start":{"line":174,"column":4},"end":{"line":174,"column":4}}]},"11":{"line":174,"type":"binary-expr","locations":[{"start":{"line":174,"column":8},"end":{"line":174,"column":11}},{"start":{"line":174,"column":15},"end":{"line":174,"column":24}}]},"12":{"line":187,"type":"binary-expr","locations":[{"start":{"line":187,"column":11},"end":{"line":197,"column":23}},{"start":{"line":197,"column":27},"end":{"line":197,"column":31}}]},"13":{"line":188,"type":"cond-expr","locations":[{"start":{"line":188,"column":48},"end":{"line":188,"column":52}},{"start":{"line":188,"column":55},"end":{"line":188,"column":58}}]},"14":{"line":206,"type":"if","locations":[{"start":{"line":206,"column":4},"end":{"line":206,"column":4}},{"start":{"line":206,"column":4},"end":{"line":206,"column":4}}]}},"code":["/*"," * grunt-angular-templates"," * https://github.com/ericclemmons/grunt-angular-templates"," *"," * Copyright (c) 2013 Eric Clemmons"," * Licensed under the MIT license."," */","","'use strict';","","var minify  = require('html-minifier').minify;","var Url     = require('url');","","/**"," * Angular Template Compiler"," * @param  {Object} grunt   Grunt global variable"," * @param  {Object} options Task options"," * @param  {String} cwd     Determines if paths are relative or not"," * @return {Object}"," */","var Compiler = function(grunt, options, cwd, expanded) {","","  /**","   * Wrap individual cache registration script in bootstrap function","   *","   * @param  {String} script  Multiline string of `$templateCache.put(...)`","   * @return {String}         Final template aggregate script","   */","  this.bootstrap = function(module, script) {","    return options.bootstrap(module, script, options);","  };","","  /**","   * Wrap HTML template in `$templateCache.put(...)`","   * @param  {String} template  Multiline HTML template string","   * @param  {String} url       URL to act as template ID","   * @return {String}           Template wrapped in `$templateCache.put(...)`","   */","  this.cache = function(template, url, prefix) {","    var path = prefix;","","    // Force trailing slash","    if (path.length) {","      path = path.replace(/\\/?$/, '/');","    }","","    if(cwd && expanded){","      var cwdRegExp = new RegExp('^' + cwd + '\\/?');","      url = url.replace(cwdRegExp, '');","    }","","    // Append formatted URL","    path += Url.format( Url.parse( url.replace(/\\\\/g, '/') ) );","","    return \"\\n  $templateCache.put('\" + path + \"',\\n    \" + template + \"\\n  );\\n\";","  };","","  /**","   * Convert list of files into Javascript that caches their contents","   * @param  {String} module  Module name","   * @param  {Array} files    List of files relative to `cwd`","   * @return {String}         Final template aggregate script","   */","  this.compile = function(module, files) {","    var paths = files.map(this.path).filter(function(path) {","      if (!grunt.file.exists(path)) {","        grunt.log.warn('Template \"' + path + '\" not found.');","        return false;","      }","","      return true;","    });","","    var script = \"  'use strict';\" + grunt.util.linefeed;","","    script += paths","      .map(this.load)","      .map(this.minify)","      .map(function(source, i) {","        return this.customize(source, paths[i]);","      }.bind(this))","      .map(this.stringify)","      .map(function(string, i) {","        return this.cache(string, this.url(files[i]), options.prefix);","      }.bind(this))","      .map(grunt.util.normalizelf)","      .join(grunt.util.linefeed)","    ;","","    return this.bootstrap(module, script);","  };","","  /**","   * Customize template source","   * @param  {String} source Possibly minified template source","   * @param  {String} path   Path to template file","   * @return {String}","   */","  this.customize = function(source, path) {","    if (typeof options.source === 'function') {","      return options.source(source, path, options);","    }","","    return source;","  };","","  /**","   * Load template path","   * @param  {String} path  Template path","   * @return {String}       Template source","   */","  this.load = function(path) {","    return grunt.file.read(path);","  };","","  /**","   * Run template source through htmlmin","   * @param  {String} source  Template source","   * @return {String}         Minified template","   */","  this.minify = function(source) {","    if (options.htmlmin && Object.keys(options.htmlmin).length) {","      try {","        grunt.verbose.writeln('Minifying file: ' +source);","        source = minify(source, options.htmlmin);","      } catch (err) {","        grunt.log.error(err + '\\n\\n' + source + '\\n\\n');","      }","    }","","    return source;","  };","","  /**","   * Get static or dynamic module name from file.","   * @param  {String} file  File name","   * @return {String}","   */","  this.module = function(file) {","    if (typeof options.module === 'function') {","      return options.module(file, options);","    }","","    return options.module;","  };","","  /**","   * Group files into individual modules","   * @param  {Array} files  Files","   * @return {Object}       Key/Value pair of module + files","   */","  this.modules = function(files) {","    var modules = {};","","    files.forEach(function(file) {","      var module = this.module(file);","","      if (!modules[module]) {","        modules[module] = [];","      }","","      modules[module].push(file);","    }, this);","","    return modules;","  };","","  /**","   * Get path to template file on filesystem","   * @param  {String} file  Name of file relative to `cwd`","   * @return {String}       Template path","   */","  this.path = function(file) {","    if (cwd && !expanded) {","      return cwd + '/' + file;","    }","","    return file;","  };","","  /**","   * Convert template source Javascript-friendly lines","   * @param  {String} source Template source","   * @return {String}","   */","  this.stringify = function(source) {","    return source.split(/^/gm).map(function(line) {","      var quote = options.quotes === 'single' ? '\\'' : '\"';","","      line = line.replace(/\\\\/g, '\\\\\\\\');","      line = line.replace(/\\n/g, '\\\\n');","      line = line.replace(/\\r/g, '\\\\r');","      var quoteRegExp = new RegExp(quote, 'g');","      line = line.replace(quoteRegExp, '\\\\' + quote);","","      return quote + line + quote;","    }).join(' +\\n    ') || '\"\"';","  };","","  /**","   * Convert file name to URL","   * @param  {String} file  File name","   * @return {String}       URL","   */","  this.url = function(file) {","    if (typeof options.url === 'function') {","      return options.url(file, options);","    }","","    return file;","  };","","};","","module.exports = Compiler;",""],"l":{"11":1,"12":1,"21":1,"29":0,"30":0,"39":0,"40":0,"43":0,"44":0,"47":0,"48":0,"49":0,"53":0,"55":0,"64":0,"65":0,"66":0,"67":0,"68":0,"71":0,"74":0,"76":0,"80":0,"84":0,"90":0,"99":0,"100":0,"101":0,"104":0,"112":0,"113":0,"121":0,"122":0,"123":0,"124":0,"125":0,"127":0,"131":0,"139":0,"140":0,"141":0,"144":0,"152":0,"153":0,"155":0,"156":0,"158":0,"159":0,"162":0,"165":0,"173":0,"174":0,"175":0,"178":0,"186":0,"187":0,"188":0,"190":0,"191":0,"192":0,"193":0,"194":0,"196":0,"205":0,"206":0,"207":0,"210":0,"215":1}},"/home/travis/build/npmtest/node-npmtest-grunt-angular-templates/node_modules/grunt-angular-templates/tasks/lib/appender.js":{"path":"/home/travis/build/npmtest/node-npmtest-grunt-angular-templates/node_modules/grunt-angular-templates/tasks/lib/appender.js","s":{"1":1,"2":1,"3":0,"4":0,"5":0,"6":0,"7":0,"8":0,"9":0,"10":0,"11":0,"12":0,"13":0,"14":0,"15":0,"16":0,"17":0,"18":0,"19":0,"20":0,"21":0,"22":0,"23":0,"24":0,"25":0,"26":0,"27":0,"28":0,"29":0,"30":0,"31":0,"32":0,"33":0,"34":0,"35":0,"36":0,"37":0,"38":0,"39":0,"40":1},"b":{"1":[0,0],"2":[0,0],"3":[0,0],"4":[0,0],"5":[0,0],"6":[0,0],"7":[0,0],"8":[0,0],"9":[0,0],"10":[0,0]},"f":{"1":0,"2":0,"3":0,"4":0,"5":0,"6":0,"7":0,"8":0,"9":0,"10":0,"11":0},"fnMap":{"1":{"name":"(anonymous_1)","line":17,"loc":{"start":{"line":17,"column":15},"end":{"line":17,"column":31}}},"2":{"name":"(anonymous_2)","line":26,"loc":{"start":{"line":26,"column":21},"end":{"line":26,"column":52}}},"3":{"name":"(anonymous_3)","line":43,"loc":{"start":{"line":43,"column":11},"end":{"line":43,"column":27}}},"4":{"name":"(anonymous_4)","line":50,"loc":{"start":{"line":50,"column":24},"end":{"line":50,"column":40}}},"5":{"name":"(anonymous_5)","line":52,"loc":{"start":{"line":52,"column":32},"end":{"line":52,"column":47}}},"6":{"name":"(anonymous_6)","line":57,"loc":{"start":{"line":57,"column":15},"end":{"line":57,"column":31}}},"7":{"name":"(anonymous_7)","line":71,"loc":{"start":{"line":71,"column":27},"end":{"line":71,"column":48}}},"8":{"name":"(anonymous_8)","line":87,"loc":{"start":{"line":87,"column":11},"end":{"line":87,"column":27}}},"9":{"name":"(anonymous_9)","line":90,"loc":{"start":{"line":90,"column":14},"end":{"line":90,"column":30}}},"10":{"name":"(anonymous_10)","line":112,"loc":{"start":{"line":112,"column":47},"end":{"line":112,"column":63}}},"11":{"name":"(anonymous_11)","line":123,"loc":{"start":{"line":123,"column":14},"end":{"line":123,"column":38}}}},"statementMap":{"1":{"start":{"line":11,"column":0},"end":{"line":11,"column":27}},"2":{"start":{"line":17,"column":0},"end":{"line":131,"column":2}},"3":{"start":{"line":26,"column":2},"end":{"line":63,"column":4}},"4":{"start":{"line":28,"column":4},"end":{"line":30,"column":5}},"5":{"start":{"line":29,"column":6},"end":{"line":29,"column":43}},"6":{"start":{"line":32,"column":4},"end":{"line":32,"column":50}},"7":{"start":{"line":34,"column":4},"end":{"line":38,"column":5}},"8":{"start":{"line":35,"column":6},"end":{"line":35,"column":63}},"9":{"start":{"line":37,"column":6},"end":{"line":37,"column":19}},"10":{"start":{"line":41,"column":4},"end":{"line":46,"column":5}},"11":{"start":{"line":44,"column":8},"end":{"line":44,"column":26}},"12":{"start":{"line":48,"column":4},"end":{"line":60,"column":5}},"13":{"start":{"line":52,"column":8},"end":{"line":54,"column":18}},"14":{"start":{"line":53,"column":10},"end":{"line":53,"column":43}},"15":{"start":{"line":58,"column":8},"end":{"line":58,"column":34}},"16":{"start":{"line":62,"column":4},"end":{"line":62,"column":17}},"17":{"start":{"line":71,"column":2},"end":{"line":115,"column":4}},"18":{"start":{"line":72,"column":4},"end":{"line":72,"column":50}},"19":{"start":{"line":73,"column":4},"end":{"line":73,"column":30}},"20":{"start":{"line":75,"column":4},"end":{"line":77,"column":5}},"21":{"start":{"line":76,"column":6},"end":{"line":76,"column":48}},"22":{"start":{"line":79,"column":4},"end":{"line":83,"column":5}},"23":{"start":{"line":80,"column":6},"end":{"line":80,"column":117}},"24":{"start":{"line":82,"column":6},"end":{"line":82,"column":19}},"25":{"start":{"line":86,"column":4},"end":{"line":93,"column":5}},"26":{"start":{"line":88,"column":8},"end":{"line":88,"column":26}},"27":{"start":{"line":91,"column":8},"end":{"line":91,"column":72}},"28":{"start":{"line":96,"column":4},"end":{"line":100,"column":5}},"29":{"start":{"line":97,"column":6},"end":{"line":97,"column":83}},"30":{"start":{"line":99,"column":6},"end":{"line":99,"column":19}},"31":{"start":{"line":102,"column":4},"end":{"line":102,"column":32}},"32":{"start":{"line":105,"column":4},"end":{"line":107,"column":5}},"33":{"start":{"line":106,"column":6},"end":{"line":106,"column":87}},"34":{"start":{"line":109,"column":4},"end":{"line":109,"column":60}},"35":{"start":{"line":112,"column":4},"end":{"line":114,"column":7}},"36":{"start":{"line":113,"column":6},"end":{"line":113,"column":35}},"37":{"start":{"line":123,"column":2},"end":{"line":130,"column":4}},"38":{"start":{"line":124,"column":4},"end":{"line":127,"column":7}},"39":{"start":{"line":129,"column":4},"end":{"line":129,"column":17}},"40":{"start":{"line":133,"column":0},"end":{"line":133,"column":26}}},"branchMap":{"1":{"line":28,"type":"if","locations":[{"start":{"line":28,"column":4},"end":{"line":28,"column":4}},{"start":{"line":28,"column":4},"end":{"line":28,"column":4}}]},"2":{"line":34,"type":"if","locations":[{"start":{"line":34,"column":4},"end":{"line":34,"column":4}},{"start":{"line":34,"column":4},"end":{"line":34,"column":4}}]},"3":{"line":50,"type":"binary-expr","locations":[{"start":{"line":50,"column":14},"end":{"line":50,"column":20}},{"start":{"line":50,"column":24},"end":{"line":55,"column":7}}]},"4":{"line":75,"type":"if","locations":[{"start":{"line":75,"column":4},"end":{"line":75,"column":4}},{"start":{"line":75,"column":4},"end":{"line":75,"column":4}}]},"5":{"line":79,"type":"if","locations":[{"start":{"line":79,"column":4},"end":{"line":79,"column":4}},{"start":{"line":79,"column":4},"end":{"line":79,"column":4}}]},"6":{"line":96,"type":"if","locations":[{"start":{"line":96,"column":4},"end":{"line":96,"column":4}},{"start":{"line":96,"column":4},"end":{"line":96,"column":4}}]},"7":{"line":105,"type":"if","locations":[{"start":{"line":105,"column":4},"end":{"line":105,"column":4}},{"start":{"line":105,"column":4},"end":{"line":105,"column":4}}]},"8":{"line":109,"type":"cond-expr","locations":[{"start":{"line":109,"column":31},"end":{"line":109,"column":46}},{"start":{"line":109,"column":49},"end":{"line":109,"column":59}}]},"9":{"line":125,"type":"binary-expr","locations":[{"start":{"line":125,"column":16},"end":{"line":125,"column":21}},{"start":{"line":125,"column":25},"end":{"line":125,"column":66}}]},"10":{"line":126,"type":"binary-expr","locations":[{"start":{"line":126,"column":16},"end":{"line":126,"column":59}},{"start":{"line":126,"column":63},"end":{"line":126,"column":65}}]}},"code":["/*"," * grunt-angular-templates"," * https://github.com/ericclemmons/grunt-angular-templates"," *"," * Copyright (c) 2013 Eric Clemmons"," * Licensed under the MIT license."," */","","'use strict';","","var Path = require('path');","","/**"," * Utility for modifying other grunt tasks"," * @param {Object} grunt Grunt global object"," */","var Appender = function(grunt) {","","  /**","   * Append compiled templates path to concat target's src(s)","   * @param  {String}   target Concat target","   * @param  {Object}   file   Grunt File object for compiled templates","   * @param  {Function} filter (Optional) Filter to reduce matching src(s)","   * @return {Array}           Modified concat[target].files","   */","  this.concatFiles = function(target, file, filter) {","    // Apparently concat targets are normalized if paths","    if (process.platform === 'win32') {","      target = target.replace(/\\//g, '\\\\');","    }","","    var config = grunt.config(['concat', target]);","","    if (!config) {","      grunt.log.warn('Concat target not found: ' + target.red);","","      return false;","    }","","    // Grunt handles files 400 different ways.  Not me.","    var files = grunt.task.normalizeMultiTaskFiles(config)","      // Only work on the original src/dest, since files.src is a [GETTER]","      .map(function(files) {","        return files.orig;","      })","    ;","","    files","      // Optionally filter original src/dest(s)","      .filter(filter || function(files) {","        // Default to only appending to JS targets","        return files.src.filter(function(file) {","          return '.js' === file.substr(-3);","        }).length;","      })","      // Append compiled templates file to src","      .forEach(function(files) {","        files.src.push(file.dest);","      })","    ;","","    return files;","  };","","  /**","   * Append compiled templates to matching usemin output path","   * @param  {String} path   Path from <!-- build:js --> tag","   * @param  {Object} file   Grunt File object for compiled templates","   * @return {Array}  files  Modified concat.generated.files","   */","  this.concatUseminFiles = function(path, file) {","    var config = grunt.config('uglify.generated');","    var willUglify = !!config;","","    if (!config) {","      config = grunt.config('concat.generated');","    }","","    if (!config) {","      grunt.log.warn('Usemin has not created ' + 'uglify.generated'.red + ' or ' + 'concat.generated'.red + ' yet!');","","      return false;","    }","","    // Find uglify destination(s) matching output path","    var matches = grunt.task.normalizeMultiTaskFiles(config)","      .map(function(files) {","        return files.orig;","      })","      .filter(function(files) {","        return Path.normalize(path) === files.dest.substr(-path.length);","      })","    ;","","    // *Something* should've matched","    if (!matches.length) {","      grunt.log.warn('Could not find usemin.generated path matching: ' + path.red);","","      return false;","    }","","    var match = matches.shift();","","    // Only support one match","    if (matches.length > 1) {","      grunt.log.warn('Multiple matches for ' + path.yellow + '.  Using ' + match.dest);","    }","","    var target =  willUglify ? match.src.pop() : match.dest;","","    // Finally, modify concat target sourced by matching uglify target","    return this.concatFiles('generated', file, function(files) {","      return target === files.dest;","    });","  };","","  /**","   * Save Grunt Files array to existing grunt concat target","   * @param  {String} target Concat target","   * @param  {Array}  files  Modified concat[target].files","   * @return {Array}         files","   */","  this.save = function(target, files) {","    grunt.config(['concat', target], {","      files:    files || grunt.config(['concat', target, 'files']),","      options:  grunt.config(['concat', target, 'options']) || {}","    });","","    return files;","  };","};","","module.exports = Appender;",""],"l":{"11":1,"17":1,"26":0,"28":0,"29":0,"32":0,"34":0,"35":0,"37":0,"41":0,"44":0,"48":0,"52":0,"53":0,"58":0,"62":0,"71":0,"72":0,"73":0,"75":0,"76":0,"79":0,"80":0,"82":0,"86":0,"88":0,"91":0,"96":0,"97":0,"99":0,"102":0,"105":0,"106":0,"109":0,"112":0,"113":0,"123":0,"124":0,"129":0,"133":1}}}